SGSB.exe: 000003A0: 10:20:53 []:>--------------------------------------------------------------<
SGSB.exe: 000003A0: 10:20:53 [TUniServerModule]:Server First Init.
SGSB.exe: 000003A0: 10:20:53 [TUniServerModule]:Start Path = E:\SISTEMAS_ISRAEL\SGS - Financeiro\Win32\Debug\
SGSB.exe: 000003A0: 10:20:53 [TUniServerModule]:Debug Mode = ON
SGSB.exe: 000003A0: 10:20:53 [TUniServerModule]:Starting HTTP Server on Port: 2425...
SGSB.exe: 000003A0: 10:20:53 [TUniServerModule]:HTTP Server Started on Port: 2425
SGSB.exe: 00000078: 10:25:39 []:>--------------------------------------------------------------<
SGSB.exe: 00000078: 10:25:39 [TUniServerModule]:Server First Init.
SGSB.exe: 00000078: 10:25:39 [TUniServerModule]:Start Path = E:\SISTEMAS_ISRAEL\SGS - Financeiro\Win32\Debug\
SGSB.exe: 00000078: 10:25:39 [TUniServerModule]:Debug Mode = ON
SGSB.exe: 00000078: 10:25:39 [TUniGUISessionManager]:Cache erase job created, Folder count: [1]
SGSB.exe: 00000078: 10:25:39 [TUniServerModule]:Starting HTTP Server on Port: 2425...
SGSB.exe: 00000078: 10:25:39 [TUniServerModule]:HTTP Server Started on Port: 2425
SGSB.exe: 000017D8: 10:26:01 [FDQuery3s: Field 'NROEMPRESA' not found-10.0.0.158]:EDatabaseError : FDQuery3s: Field 'NROEMPRESA' not found : Addr: $0062FFBA
SGSB.exe: 00000C14: 10:33:36 []:>--------------------------------------------------------------<
SGSB.exe: 00000C14: 10:33:36 [TUniServerModule]:Server First Init.
SGSB.exe: 00000C14: 10:33:36 [TUniServerModule]:Start Path = E:\SISTEMAS_ISRAEL\SGS - Financeiro\Win32\Debug\
SGSB.exe: 00000C14: 10:33:36 [TUniGUISessionManager]:Cache erase job created, Folder count: [1]
SGSB.exe: 00000C14: 10:33:36 [TUniServerModule]:Starting HTTP Server on Port: 2425...
SGSB.exe: 00000C14: 10:33:36 [TUniServerModule]:HTTP Server Started on Port: 2425
SGSB.exe: 0000135C: 10:33:45 [FDQuery2: Field 'id_sede' not found-10.0.0.158]:EDatabaseError : FDQuery2: Field 'id_sede' not found : Addr: $0062FFBA
SGSB.exe: 00000C14: 10:38:37 [TUniServerModule]:Shutting Down Server.
SGSB.exe: 00000C14: 10:38:37 [TUniServerModule]:Stopping HTTP Server.
SGSB.exe: 00000C14: 10:38:38 [TUniServerModule]:HTTP Server Stopped.
SGSB.exe: 00000C14: 10:38:38 [TUniGUISessionManager]:Terminating Session manager.
SGSB.exe: 00000C14: 10:38:38 [TUniGUISessionManager]:Stopping Cache Eraser...
SGSB.exe: 00000C14: 10:38:38 [TUniGUISessionManager]:Cache Eraser Stopped.
SGSB.exe: 00000C14: 10:38:38 [TUniGUISessionManager]:Destroying Worker Threads.
SGSB.exe: 00000C14: 10:38:38 [TUniGUISessionManager]:Session manager terminated.
SGSB.exe: 00000C14: 10:38:38 [TUniWebSocketStack]:Terminating...
SGSB.exe: 00000C14: 10:38:38 [TUniGUIMessageQ]:Terminated.
SGSB.exe: 00000C14: 10:38:38 [TUniWebSocketStack]:Terminated.
SGSB.exe: 00000C14: 10:38:38 [TUniServerModule]:Server Shutdown Completed.
SGSB.exe: 00000C14: 10:38:38 []:<-------------------------------------------------------------->
SGSB.exe: 00000C14: 10:38:38 [Terminated]:Exit Code: 0
SGSB.exe: 00000790: 10:38:43 []:>--------------------------------------------------------------<
SGSB.exe: 00000790: 10:38:43 [TUniServerModule]:Server First Init.
SGSB.exe: 00000790: 10:38:43 [TUniServerModule]:Start Path = E:\SISTEMAS_ISRAEL\SGS - Financeiro\Win32\Debug\
SGSB.exe: 00000790: 10:38:43 [TUniGUISessionManager]:Cache erase job created, Folder count: [1]
SGSB.exe: 00000790: 10:38:43 [TUniServerModule]:Starting HTTP Server on Port: 2425...
SGSB.exe: 00000790: 10:38:43 [TUniServerModule]:HTTP Server Started on Port: 2425
SGSB.exe: 00001128: 10:38:47 [FDQuery2: Field 'id_sede' not found-10.0.0.158]:EDatabaseError : FDQuery2: Field 'id_sede' not found : Addr: $0062FFBA
SGSB.exe: 00000790: 10:40:25 [TUniServerModule]:Shutting Down Server.
SGSB.exe: 00000790: 10:40:25 [TUniServerModule]:Stopping HTTP Server.
SGSB.exe: 00000790: 10:40:26 [TUniServerModule]:HTTP Server Stopped.
SGSB.exe: 00000790: 10:40:26 [TUniGUISessionManager]:Terminating Session manager.
SGSB.exe: 00000790: 10:40:26 [TUniGUISessionManager]:Stopping Cache Eraser...
SGSB.exe: 00000790: 10:40:26 [TUniGUISessionManager]:Cache Eraser Stopped.
SGSB.exe: 00000790: 10:40:26 [TUniGUISessionManager]:Destroying Worker Threads.
SGSB.exe: 00000790: 10:40:26 [TUniGUISessionManager]:Session manager terminated.
SGSB.exe: 00000790: 10:40:26 [TUniWebSocketStack]:Terminating...
SGSB.exe: 00000790: 10:40:26 [TUniGUIMessageQ]:Terminated.
SGSB.exe: 00000790: 10:40:26 [TUniWebSocketStack]:Terminated.
SGSB.exe: 00000790: 10:40:26 [TUniServerModule]:Server Shutdown Completed.
SGSB.exe: 00000790: 10:40:26 []:<-------------------------------------------------------------->
SGSB.exe: 00000790: 10:40:26 [Terminated]:Exit Code: 0
SGSB.exe: 00000780: 10:40:31 []:>--------------------------------------------------------------<
SGSB.exe: 00000780: 10:40:31 [TUniServerModule]:Server First Init.
SGSB.exe: 00000780: 10:40:31 [TUniServerModule]:Start Path = E:\SISTEMAS_ISRAEL\SGS - Financeiro\Win32\Debug\
SGSB.exe: 00000780: 10:40:31 [TUniGUISessionManager]:Cache erase job created, Folder count: [1]
SGSB.exe: 00000780: 10:40:31 [TUniServerModule]:Starting HTTP Server on Port: 2425...
SGSB.exe: 00000780: 10:40:31 [TUniServerModule]:HTTP Server Started on Port: 2425
SGSB.exe: 00000F38: 10:40:32 [10.0.0.158]:EUniSessionException : Invalid session or session Timeout. (Session not found: 73GdGevXtp10F9D73E4 ) : Addr: $008005A0
SGSB.exe: 00000A54: 10:41:33 [10.0.0.158]:EOutOfMemory : Out of memory : Addr: $0040BB7F
SGSB.exe: 00000A54: 10:41:33 [HandleFileRequest[10.0.0.158]]:File not found: E:\SISTEMAS_ISRAEL\SGS - Financeiro\Win32\Debug\favicon.ico
SGSB.exe: 00000F38: 10:41:34 [Out of memory-10.0.0.158]:EOutOfMemory : Out of memory : Addr: $0040E53D
SGSB.exe: 000012EC: 10:41:35 [10.0.0.158]:EOutOfMemory : Out of memory : Addr: $0040BB7F
SGSB.exe: 00000F38: 10:41:37 [10.0.0.158]:EOutOfMemory : Out of memory : Addr: $0040CCD5
SGSB.exe: 000011B8: 10:41:37 [10.0.0.158]:Exception : Config Option: O51->queryMode:"local"<br/>is refering a previous request,<br/>it's not allowed in AJAX request or JS handler.<br/>Use equivalent Public Property or Method instead. : Addr: $00731069
SGSB.exe: 00000780: 10:41:50 [TUniServerModule]:Shutting Down Server.
SGSB.exe: 00000780: 10:41:50 [TUniServerModule]:Stopping HTTP Server.
SGSB.exe: 00000780: 10:41:51 [TUniServerModule]:HTTP Server Stopped.
SGSB.exe: 00000780: 10:41:51 [TUniGUISessionManager]:Terminating Session manager.
SGSB.exe: 00000780: 10:41:51 [TUniGUISessionManager]:Stopping Cache Eraser...
SGSB.exe: 00000780: 10:41:51 [TUniGUISessionManager]:Cache Eraser Stopped.
SGSB.exe: 00000780: 10:41:52 [TUniGUISessionManager]:Destroying Worker Threads.
SGSB.exe: 00000780: 10:41:52 [TUniGUISessionManager]:Session manager terminated.
SGSB.exe: 00000780: 10:41:52 [TUniWebSocketStack]:Terminating...
SGSB.exe: 00000780: 10:41:52 [TUniGUIMessageQ]:Terminated.
SGSB.exe: 00000780: 10:41:52 [TUniWebSocketStack]:Terminated.
SGSB.exe: 00000780: 10:41:52 [TUniServerModule]:Server Shutdown Completed.
SGSB.exe: 00000780: 10:41:52 []:<-------------------------------------------------------------->
SGSB.exe: 00000780: 10:41:52 [Terminated]:Exit Code: 0
SGSB.exe: 000002D8: 10:42:01 []:>--------------------------------------------------------------<
SGSB.exe: 000002D8: 10:42:01 [TUniServerModule]:Server First Init.
SGSB.exe: 000002D8: 10:42:01 [TUniServerModule]:Start Path = E:\SISTEMAS_ISRAEL\SGS - Financeiro\Win32\Debug\
SGSB.exe: 000002D8: 10:42:01 [TUniGUISessionManager]:Cache erase job created, Folder count: [3]
SGSB.exe: 000002D8: 10:42:01 [TUniServerModule]:Starting HTTP Server on Port: 2425...
SGSB.exe: 000002D8: 10:42:01 [TUniServerModule]:HTTP Server Started on Port: 2425
SGSB.exe: 000012A8: 10:42:05 [FDQuery3s: Field 'NROEMPRESA' not found-10.0.0.158]:EDatabaseError : FDQuery3s: Field 'NROEMPRESA' not found : Addr: $0062FFBA
SGSB.exe: 000012A8: 10:42:28 [10.0.0.158]:EOCINativeException : [FireDAC][Phys][Ora] ORA-00904: "NROEMPRESA": invalid identifier : Addr: $00809656
SGSB.exe: 0000100C: 10:44:33 [[FireDAC][Phys][Ora] ORA-00904: "NROEMPRESA": invalid identifier-10.0.0.158]:EOCINativeException : [FireDAC][Phys][Ora] ORA-00904: "NROEMPRESA": invalid identifier : Addr: $00809656
SGSB.exe: 000002D8: 10:44:59 [TUniServerModule]:Shutting Down Server.
SGSB.exe: 000002D8: 10:44:59 [TUniServerModule]:Stopping HTTP Server.
SGSB.exe: 000002D8: 10:45:00 [TUniServerModule]:HTTP Server Stopped.
SGSB.exe: 000002D8: 10:45:00 [TUniGUISessionManager]:Terminating Session manager.
SGSB.exe: 000002D8: 10:45:00 [TUniGUISessionManager]:Stopping Cache Eraser...
SGSB.exe: 000002D8: 10:45:00 [TUniGUISessionManager]:Cache Eraser Stopped.
SGSB.exe: 000002D8: 10:45:00 [TUniGUISessionManager]:Destroying Worker Threads.
SGSB.exe: 000002D8: 10:45:00 [TUniGUISessionManager]:Session manager terminated.
SGSB.exe: 000002D8: 10:45:00 [TUniWebSocketStack]:Terminating...
SGSB.exe: 000002D8: 10:45:00 [TUniGUIMessageQ]:Terminated.
SGSB.exe: 000002D8: 10:45:00 [TUniWebSocketStack]:Terminated.
SGSB.exe: 000002D8: 10:45:00 [TUniServerModule]:Server Shutdown Completed.
SGSB.exe: 000002D8: 10:45:01 []:<-------------------------------------------------------------->
SGSB.exe: 000002D8: 10:45:01 [Terminated]:Exit Code: 0
SGSB.exe: 0000133C: 10:45:05 []:>--------------------------------------------------------------<
SGSB.exe: 0000133C: 10:45:05 [TUniServerModule]:Server First Init.
SGSB.exe: 0000133C: 10:45:05 [TUniServerModule]:Start Path = E:\SISTEMAS_ISRAEL\SGS - Financeiro\Win32\Debug\
SGSB.exe: 0000133C: 10:45:05 [TUniGUISessionManager]:Cache erase job created, Folder count: [1]
SGSB.exe: 0000133C: 10:45:05 [TUniServerModule]:Starting HTTP Server on Port: 2425...
SGSB.exe: 0000133C: 10:45:05 [TUniServerModule]:HTTP Server Started on Port: 2425
SGSB.exe: 00000614: 10:45:15 [FDQuery3s: Field 'NROEMPRESA' not found-10.0.0.158]:EDatabaseError : FDQuery3s: Field 'NROEMPRESA' not found : Addr: $0062FFBA
SGSB.exe: 0000133C: 10:46:42 [TUniServerModule]:Shutting Down Server.
SGSB.exe: 0000133C: 10:46:42 [TUniServerModule]:Stopping HTTP Server.
SGSB.exe: 0000133C: 10:46:43 [TUniServerModule]:HTTP Server Stopped.
SGSB.exe: 0000133C: 10:46:43 [TUniGUISessionManager]:Terminating Session manager.
SGSB.exe: 0000133C: 10:46:43 [TUniGUISessionManager]:Stopping Cache Eraser...
SGSB.exe: 0000133C: 10:46:43 [TUniGUISessionManager]:Cache Eraser Stopped.
SGSB.exe: 0000133C: 10:46:43 [TUniGUISessionManager]:Destroying Worker Threads.
SGSB.exe: 0000133C: 10:46:43 [TUniGUISessionManager]:Session manager terminated.
SGSB.exe: 0000133C: 10:46:43 [TUniWebSocketStack]:Terminating...
SGSB.exe: 0000133C: 10:46:43 [TUniGUIMessageQ]:Terminated.
SGSB.exe: 0000133C: 10:46:43 [TUniWebSocketStack]:Terminated.
SGSB.exe: 0000133C: 10:46:43 [TUniServerModule]:Server Shutdown Completed.
SGSB.exe: 0000133C: 10:46:43 []:<-------------------------------------------------------------->
SGSB.exe: 0000133C: 10:46:43 [Terminated]:Exit Code: 0
SGSB.exe: 0000151C: 10:46:48 []:>--------------------------------------------------------------<
SGSB.exe: 0000151C: 10:46:48 [TUniServerModule]:Server First Init.
SGSB.exe: 0000151C: 10:46:48 [TUniServerModule]:Start Path = E:\SISTEMAS_ISRAEL\SGS - Financeiro\Win32\Debug\
SGSB.exe: 0000151C: 10:46:48 [TUniGUISessionManager]:Cache erase job created, Folder count: [1]
SGSB.exe: 0000151C: 10:46:49 [TUniServerModule]:Starting HTTP Server on Port: 2425...
SGSB.exe: 0000151C: 10:46:49 [TUniServerModule]:HTTP Server Started on Port: 2425
SGSB.exe: 0000151C: 11:09:54 [TUniServerModule]:Shutting Down Server.
SGSB.exe: 0000151C: 11:09:54 [TUniServerModule]:Stopping HTTP Server.
SGSB.exe: 0000151C: 11:09:54 [TUniServerModule]:HTTP Server Stopped.
SGSB.exe: 0000151C: 11:09:54 [TUniGUISessionManager]:Terminating Session manager.
SGSB.exe: 0000151C: 11:09:54 [TUniGUISessionManager]:Stopping Cache Eraser...
SGSB.exe: 0000151C: 11:09:54 [TUniGUISessionManager]:Cache Eraser Stopped.
SGSB.exe: 0000151C: 11:09:54 [TUniGUISessionManager]:Destroying Worker Threads.
SGSB.exe: 0000151C: 11:09:54 [TUniGUISessionManager]:Session manager terminated.
SGSB.exe: 0000151C: 11:09:54 [TUniWebSocketStack]:Terminating...
SGSB.exe: 0000151C: 11:09:54 [TUniGUIMessageQ]:Terminated.
SGSB.exe: 0000151C: 11:09:54 [TUniWebSocketStack]:Terminated.
SGSB.exe: 0000151C: 11:09:54 [TUniServerModule]:Server Shutdown Completed.
SGSB.exe: 0000151C: 11:09:54 []:<-------------------------------------------------------------->
SGSB.exe: 0000151C: 11:09:54 [Terminated]:Exit Code: 0
SGSB.exe: 00000BB4: 11:09:59 []:>--------------------------------------------------------------<
SGSB.exe: 00000BB4: 11:09:59 [TUniServerModule]:Server First Init.
SGSB.exe: 00000BB4: 11:09:59 [TUniServerModule]:Start Path = E:\SISTEMAS_ISRAEL\SGS - Financeiro\Win32\Debug\
SGSB.exe: 00000BB4: 11:09:59 [TUniServerModule]:Starting HTTP Server on Port: 2425...
SGSB.exe: 00000BB4: 11:09:59 [TUniServerModule]:HTTP Server Started on Port: 2425
SGSB.exe: 00000C78: 11:10:01 [10.0.0.158]:EUniSessionException : Invalid session or session Timeout. (Session not found: jQ1Tjnii2N10F9D7616 ) : Addr: $008005A0
SGSB.exe: 00000BB4: 11:11:42 [TUniServerModule]:Shutting Down Server.
SGSB.exe: 00000BB4: 11:11:42 [TUniServerModule]:Stopping HTTP Server.
SGSB.exe: 00000BB4: 11:11:43 [TUniServerModule]:HTTP Server Stopped.
SGSB.exe: 00000BB4: 11:11:43 [TUniGUISessionManager]:Terminating Session manager.
SGSB.exe: 00000BB4: 11:11:43 [TUniGUISessionManager]:Stopping Cache Eraser...
SGSB.exe: 00000BB4: 11:11:43 [TUniGUISessionManager]:Cache Eraser Stopped.
SGSB.exe: 00000BB4: 11:11:43 [TUniGUISessionManager]:Destroying Worker Threads.
SGSB.exe: 00000BB4: 11:11:43 [TUniGUISessionManager]:Session manager terminated.
SGSB.exe: 00000BB4: 11:11:43 [TUniWebSocketStack]:Terminating...
SGSB.exe: 00000BB4: 11:11:43 [TUniGUIMessageQ]:Terminated.
SGSB.exe: 00000BB4: 11:11:43 [TUniWebSocketStack]:Terminated.
SGSB.exe: 00000BB4: 11:11:43 [TUniServerModule]:Server Shutdown Completed.
SGSB.exe: 00000BB4: 11:11:43 []:<-------------------------------------------------------------->
SGSB.exe: 00000BB4: 11:11:43 [Terminated]:Exit Code: 0
SGSB.exe: 00000F44: 11:11:47 []:>--------------------------------------------------------------<
SGSB.exe: 00000F44: 11:11:47 [TUniServerModule]:Server First Init.
SGSB.exe: 00000F44: 11:11:47 [TUniServerModule]:Start Path = E:\SISTEMAS_ISRAEL\SGS - Financeiro\Win32\Debug\
SGSB.exe: 00000F44: 11:11:47 [TUniGUISessionManager]:Cache erase job created, Folder count: [1]
SGSB.exe: 00000F44: 11:11:47 [TUniServerModule]:Starting HTTP Server on Port: 2425...
SGSB.exe: 00000F44: 11:11:47 [TUniServerModule]:HTTP Server Started on Port: 2425
SGSB.exe: 00000F44: 11:12:06 [TUniServerModule]:Shutting Down Server.
SGSB.exe: 00000F44: 11:12:06 [TUniServerModule]:Stopping HTTP Server.
SGSB.exe: 00000F44: 11:12:07 [TUniServerModule]:HTTP Server Stopped.
SGSB.exe: 00000F44: 11:12:07 [TUniGUISessionManager]:Terminating Session manager.
SGSB.exe: 00000F44: 11:12:07 [TUniGUISessionManager]:Stopping Cache Eraser...
SGSB.exe: 00000F44: 11:12:07 [TUniGUISessionManager]:Cache Eraser Stopped.
SGSB.exe: 00000F44: 11:12:07 [TUniGUISessionManager]:Destroying Worker Threads.
SGSB.exe: 00000F44: 11:12:07 [TUniGUISessionManager]:Session manager terminated.
SGSB.exe: 00000F44: 11:12:07 [TUniWebSocketStack]:Terminating...
SGSB.exe: 00000F44: 11:12:07 [TUniGUIMessageQ]:Terminated.
SGSB.exe: 00000F44: 11:12:07 [TUniWebSocketStack]:Terminated.
SGSB.exe: 00000F44: 11:12:07 [TUniServerModule]:Server Shutdown Completed.
SGSB.exe: 00000F44: 11:12:07 []:<-------------------------------------------------------------->
SGSB.exe: 00000F44: 11:12:07 [Terminated]:Exit Code: 0
SGSB.exe: 000013FC: 11:12:12 []:>--------------------------------------------------------------<
SGSB.exe: 000013FC: 11:12:12 [TUniServerModule]:Server First Init.
SGSB.exe: 000013FC: 11:12:12 [TUniServerModule]:Start Path = E:\SISTEMAS_ISRAEL\SGS - Financeiro\Win32\Debug\
SGSB.exe: 000013FC: 11:12:13 [TUniServerModule]:Starting HTTP Server on Port: 2425...
SGSB.exe: 000013FC: 11:12:13 [TUniServerModule]:HTTP Server Started on Port: 2425
SGSB.exe: 00000E90: 11:12:13 [10.0.0.158]:EUniSessionException : Invalid session or session Timeout. (Session not found: blYFZ3Erlx10F9D7C62 ) : Addr: $008005A0
SGSB.exe: 000013FC: 11:12:48 [TUniServerModule]:Shutting Down Server.
SGSB.exe: 000013FC: 11:12:48 [TUniServerModule]:Stopping HTTP Server.
SGSB.exe: 000013FC: 11:12:49 [TUniServerModule]:HTTP Server Stopped.
SGSB.exe: 000013FC: 11:12:49 [TUniGUISessionManager]:Terminating Session manager.
SGSB.exe: 000013FC: 11:12:49 [TUniGUISessionManager]:Stopping Cache Eraser...
SGSB.exe: 000013FC: 11:12:49 [TUniGUISessionManager]:Cache Eraser Stopped.
SGSB.exe: 000013FC: 11:12:49 [TUniGUISessionManager]:Destroying Worker Threads.
SGSB.exe: 000013FC: 11:12:49 [TUniGUISessionManager]:Session manager terminated.
SGSB.exe: 000013FC: 11:12:49 [TUniWebSocketStack]:Terminating...
SGSB.exe: 000013FC: 11:12:49 [TUniGUIMessageQ]:Terminated.
SGSB.exe: 000013FC: 11:12:49 [TUniWebSocketStack]:Terminated.
SGSB.exe: 000013FC: 11:12:49 [TUniServerModule]:Server Shutdown Completed.
SGSB.exe: 000013FC: 11:12:49 []:<-------------------------------------------------------------->
SGSB.exe: 000013FC: 11:12:49 [Terminated]:Exit Code: 0
SGSB.exe: 00000454: 11:12:54 []:>--------------------------------------------------------------<
SGSB.exe: 00000454: 11:12:54 [TUniServerModule]:Server First Init.
SGSB.exe: 00000454: 11:12:54 [TUniServerModule]:Start Path = E:\SISTEMAS_ISRAEL\SGS - Financeiro\Win32\Debug\
SGSB.exe: 00000454: 11:12:54 [TUniGUISessionManager]:Cache erase job created, Folder count: [1]
SGSB.exe: 00000454: 11:12:54 [TUniServerModule]:Starting HTTP Server on Port: 2425...
SGSB.exe: 00000454: 11:12:54 [TUniServerModule]:HTTP Server Started on Port: 2425
SGSB.exe: 00000454: 11:21:41 [TUniServerModule]:Shutting Down Server.
SGSB.exe: 00000454: 11:21:41 [TUniServerModule]:Stopping HTTP Server.
SGSB.exe: 00000454: 11:21:42 [TUniServerModule]:HTTP Server Stopped.
SGSB.exe: 00000454: 11:21:42 [TUniGUISessionManager]:Terminating Session manager.
SGSB.exe: 00000454: 11:21:42 [TUniGUISessionManager]:Stopping Cache Eraser...
SGSB.exe: 00000454: 11:21:42 [TUniGUISessionManager]:Cache Eraser Stopped.
SGSB.exe: 00000454: 11:21:42 [TUniGUISessionManager]:Destroying Worker Threads.
SGSB.exe: 00000454: 11:21:42 [TUniGUISessionManager]:Session manager terminated.
SGSB.exe: 00000454: 11:21:42 [TUniWebSocketStack]:Terminating...
SGSB.exe: 00000454: 11:21:42 [TUniGUIMessageQ]:Terminated.
SGSB.exe: 00000454: 11:21:42 [TUniWebSocketStack]:Terminated.
SGSB.exe: 00000454: 11:21:43 [TUniServerModule]:Server Shutdown Completed.
SGSB.exe: 00000454: 11:21:43 []:<-------------------------------------------------------------->
SGSB.exe: 00000454: 11:21:43 [Terminated]:Exit Code: 0
SGSB.exe: 00000EA0: 11:22:38 []:>--------------------------------------------------------------<
SGSB.exe: 00000EA0: 11:22:38 [TUniServerModule]:Server First Init.
SGSB.exe: 00000EA0: 11:22:38 [TUniServerModule]:Start Path = E:\SISTEMAS_ISRAEL\SGS - Financeiro\Win32\Debug\
SGSB.exe: 00000EA0: 11:22:38 [TUniServerModule]:Debug Mode = ON
SGSB.exe: 00000EA0: 11:22:38 [TUniGUISessionManager]:Cache erase job created, Folder count: [1]
SGSB.exe: 00000EA0: 11:22:38 [TUniServerModule]:Starting HTTP Server on Port: 2425...
SGSB.exe: 00000EA0: 11:22:38 [TUniServerModule]:HTTP Server Started on Port: 2425
SGSB.exe: 000002B4: 11:22:38 [10.0.0.158]:EUniSessionException : Invalid session or session Timeout. (Session not found: 25EGDw5Wde10F9D7D2B ) : Addr: $008005A0
SGSB.exe: 00000C24: 11:23:31 [10.0.0.158]:EDatabaseError : FDQuery1a: Parameter 'param_nome_sede' not found : Addr: $0062FFBA
SGSB.exe: 00000BD0: 11:24:02 []:>--------------------------------------------------------------<
SGSB.exe: 00000BD0: 11:24:02 [TUniServerModule]:Server First Init.
SGSB.exe: 00000BD0: 11:24:02 [TUniServerModule]:Start Path = E:\SISTEMAS_ISRAEL\SGS - Financeiro\Win32\Debug\
SGSB.exe: 00000BD0: 11:24:02 [TUniServerModule]:Debug Mode = ON
SGSB.exe: 00000BD0: 11:24:02 [TUniGUISessionManager]:Cache erase job created, Folder count: [1]
SGSB.exe: 00000BD0: 11:24:02 [TUniServerModule]:Starting HTTP Server on Port: 2425...
SGSB.exe: 00000BD0: 11:24:02 [TUniServerModule]:HTTP Server Started on Port: 2425
SGSB.exe: 000015E0: 11:24:32 [10.0.0.158]:EOCINativeException : [FireDAC][Phys][Ora] ORA-00984: column not allowed here : Addr: $00809656
SGSB.exe: 00001430: 11:25:07 [10.0.0.158]:EOCINativeException : [FireDAC][Phys][Ora] ORA-00984: column not allowed here : Addr: $00809656
SGSB.exe: 00001794: 11:27:22 []:>--------------------------------------------------------------<
SGSB.exe: 00001794: 11:27:22 [TUniServerModule]:Server First Init.
SGSB.exe: 00001794: 11:27:22 [TUniServerModule]:Start Path = E:\SISTEMAS_ISRAEL\SGS - Financeiro\Win32\Debug\
SGSB.exe: 00001794: 11:27:22 [TUniServerModule]:Debug Mode = ON
SGSB.exe: 00001794: 11:27:22 [TUniGUISessionManager]:Cache erase job created, Folder count: [1]
SGSB.exe: 00001794: 11:27:22 [TUniServerModule]:Starting HTTP Server on Port: 2425...
SGSB.exe: 00001794: 11:27:22 [TUniServerModule]:HTTP Server Started on Port: 2425
SGSB.exe: 000017B0: 11:27:26 [10.0.0.158]:EUniSessionException : Invalid session or session Timeout. (Session not found: KxMDTtHPbM10F9D8033 ) : Addr: $008005A0
SGSB.exe: 0000133C: 11:27:26 [10.0.0.158]:EUniSessionException : Invalid session or session Timeout. (Session not found: KxMDTtHPbM10F9D8033 ) : Addr: $008005A0
SGSB.exe: 00001768: 11:27:47 [10.0.0.158]:EOCINativeException : [FireDAC][Phys][Ora] ORA-00984: column not allowed here : Addr: $00809656
SGSB.exe: 00000894: 11:29:44 []:>--------------------------------------------------------------<
SGSB.exe: 00000894: 11:29:44 [TUniServerModule]:Server First Init.
SGSB.exe: 00000894: 11:29:44 [TUniServerModule]:Start Path = E:\SISTEMAS_ISRAEL\SGS - Financeiro\Win32\Debug\
SGSB.exe: 00000894: 11:29:44 [TUniServerModule]:Debug Mode = ON
SGSB.exe: 00000894: 11:29:44 [TUniGUISessionManager]:Cache erase job created, Folder count: [1]
SGSB.exe: 00000894: 11:29:44 [TUniServerModule]:Starting HTTP Server on Port: 2425...
SGSB.exe: 00000894: 11:29:44 [TUniServerModule]:HTTP Server Started on Port: 2425
SGSB.exe: 00001088: 11:29:55 [10.0.0.158]:EUniSessionException : Invalid session or session Timeout. (Session not found: J7NwRL5qOx10F9D811F ) : Addr: $008005A0
SGSB.exe: 0000151C: 11:39:52 []:>--------------------------------------------------------------<
SGSB.exe: 0000151C: 11:39:52 [TUniServerModule]:Server First Init.
SGSB.exe: 0000151C: 11:39:52 [TUniServerModule]:Start Path = E:\SISTEMAS_ISRAEL\SGS - Financeiro\Win32\Debug\
SGSB.exe: 0000151C: 11:39:52 [TUniServerModule]:Debug Mode = ON
SGSB.exe: 0000151C: 11:39:52 [TUniGUISessionManager]:Cache erase job created, Folder count: [1]
SGSB.exe: 0000151C: 11:39:53 [TUniServerModule]:Starting HTTP Server on Port: 2425...
SGSB.exe: 0000151C: 11:39:53 [TUniServerModule]:HTTP Server Started on Port: 2425
SGSB.exe: 00000E2C: 11:41:13 [10.0.0.158]:EUniSessionException : Invalid session or session Timeout. (Session not found: vxbU3K5F2G10F9D8481 ) : Addr: $008005A0
SGSB.exe: 00000938: 11:41:36 []:>--------------------------------------------------------------<
SGSB.exe: 00000938: 11:41:36 [TUniServerModule]:Server First Init.
SGSB.exe: 00000938: 11:41:36 [TUniServerModule]:Start Path = E:\SISTEMAS_ISRAEL\SGS - Financeiro\Win32\Debug\
SGSB.exe: 00000938: 11:41:36 [TUniServerModule]:Debug Mode = ON
SGSB.exe: 00000938: 11:41:36 [TUniGUISessionManager]:Cache erase job created, Folder count: [1]
SGSB.exe: 00000938: 11:41:36 [TUniServerModule]:Starting HTTP Server on Port: 2425...
SGSB.exe: 00000938: 11:41:36 [TUniServerModule]:HTTP Server Started on Port: 2425
SGSB.exe: 00001498: 11:49:18 []:>--------------------------------------------------------------<
SGSB.exe: 00001498: 11:49:18 [TUniServerModule]:Server First Init.
SGSB.exe: 00001498: 11:49:18 [TUniServerModule]:Start Path = E:\SISTEMAS_ISRAEL\SGS - Financeiro\Win32\Debug\
SGSB.exe: 00001498: 11:49:18 [TUniServerModule]:Debug Mode = ON
SGSB.exe: 00001498: 11:49:18 [TUniGUISessionManager]:Cache erase job created, Folder count: [1]
SGSB.exe: 00001498: 11:49:18 [TUniServerModule]:Starting HTTP Server on Port: 2425...
SGSB.exe: 00001498: 11:49:18 [TUniServerModule]:HTTP Server Started on Port: 2425
SGSB.exe: 00001774: 11:49:32 [FDQuery2: Field 'nroempresa' not found-10.0.0.158]:EDatabaseError : FDQuery2: Field 'nroempresa' not found : Addr: $0062FFBA
SGSB.exe: 00001254: 11:49:59 []:>--------------------------------------------------------------<
SGSB.exe: 00001254: 11:49:59 [TUniServerModule]:Server First Init.
SGSB.exe: 00001254: 11:49:59 [TUniServerModule]:Start Path = E:\SISTEMAS_ISRAEL\SGS - Financeiro\Win32\Debug\
SGSB.exe: 00001254: 11:49:59 [TUniServerModule]:Debug Mode = ON
SGSB.exe: 00001254: 11:49:59 [TUniGUISessionManager]:Cache erase job created, Folder count: [1]
SGSB.exe: 00001254: 11:49:59 [TUniServerModule]:Starting HTTP Server on Port: 2425...
SGSB.exe: 00001254: 11:49:59 [TUniServerModule]:HTTP Server Started on Port: 2425
SGSB.exe: 00000540: 11:50:16 [10.0.0.158]:EOCINativeException : [FireDAC][Phys][Ora] ORA-01400: cannot insert NULL into ("CONSINCO"."ISR_FIN_SEDE"."NOME_SEDE") : Addr: $00809656
SGSB.exe: 000007A4: 13:06:34 []:>--------------------------------------------------------------<
SGSB.exe: 000007A4: 13:06:34 [TUniServerModule]:Server First Init.
SGSB.exe: 000007A4: 13:06:34 [TUniServerModule]:Start Path = E:\SISTEMAS_ISRAEL\SGS - Financeiro\Win32\Debug\
SGSB.exe: 000007A4: 13:06:34 [TUniServerModule]:Debug Mode = ON
SGSB.exe: 000007A4: 13:06:34 [TUniServerModule]:Starting HTTP Server on Port: 2425...
SGSB.exe: 000007A4: 13:06:34 [TUniServerModule]:HTTP Server Started on Port: 2425
SGSB.exe: 00000BD8: 13:06:46 [10.0.0.158]:EOCINativeException : [FireDAC][Phys][Ora] ORA-00904: "NROEMPRESA": invalid identifier : Addr: $00809656
SGSB.exe: 000013E8: 13:07:26 []:>--------------------------------------------------------------<
SGSB.exe: 000013E8: 13:07:26 [TUniServerModule]:Server First Init.
SGSB.exe: 000013E8: 13:07:26 [TUniServerModule]:Start Path = E:\SISTEMAS_ISRAEL\SGS - Financeiro\Win32\Debug\
SGSB.exe: 000013E8: 13:07:26 [TUniServerModule]:Debug Mode = ON
SGSB.exe: 000013E8: 13:07:26 [TUniGUISessionManager]:Cache erase job created, Folder count: [1]
SGSB.exe: 000013E8: 13:07:26 [TUniServerModule]:Starting HTTP Server on Port: 2425...
SGSB.exe: 000013E8: 13:07:26 [TUniServerModule]:HTTP Server Started on Port: 2425
SGSB.exe: 00000CFC: 13:07:28 [10.0.0.158]:EUniSessionException : Invalid session or session Timeout. (Session not found: V8jnKiAOBg10F9D9BFF ) : Addr: $008005A0
SGSB.exe: 00001684: 13:08:21 []:>--------------------------------------------------------------<
SGSB.exe: 00001684: 13:08:21 [TUniServerModule]:Server First Init.
SGSB.exe: 00001684: 13:08:21 [TUniServerModule]:Start Path = E:\SISTEMAS_ISRAEL\SGS - Financeiro\Win32\Debug\
SGSB.exe: 00001684: 13:08:21 [TUniServerModule]:Debug Mode = ON
SGSB.exe: 00001684: 13:08:21 [TUniGUISessionManager]:Cache erase job created, Folder count: [1]
SGSB.exe: 00001684: 13:08:21 [TUniServerModule]:Starting HTTP Server on Port: 2425...
SGSB.exe: 00001684: 13:08:22 [TUniServerModule]:HTTP Server Started on Port: 2425
SGSB.exe: 00001470: 13:50:32 []:>--------------------------------------------------------------<
SGSB.exe: 00001470: 13:50:32 [TUniServerModule]:Server First Init.
SGSB.exe: 00001470: 13:50:32 [TUniServerModule]:Start Path = E:\SISTEMAS_ISRAEL\SGS - Financeiro\Win32\Debug\
SGSB.exe: 00001470: 13:50:32 [TUniServerModule]:Debug Mode = ON
SGSB.exe: 00001470: 13:50:32 [TUniGUISessionManager]:Cache erase job created, Folder count: [1]
SGSB.exe: 00001470: 13:50:33 [TUniServerModule]:Starting HTTP Server on Port: 2425...
SGSB.exe: 00001470: 13:50:33 [TUniServerModule]:HTTP Server Started on Port: 2425
SGSB.exe: 00001184: 13:59:43 []:>--------------------------------------------------------------<
SGSB.exe: 00001184: 13:59:43 [TUniServerModule]:Server First Init.
SGSB.exe: 00001184: 13:59:43 [TUniServerModule]:Start Path = E:\SISTEMAS_ISRAEL\SGS - Financeiro\Win32\Debug\
SGSB.exe: 00001184: 13:59:43 [TUniServerModule]:Debug Mode = ON
SGSB.exe: 00001184: 13:59:43 [TUniGUISessionManager]:Cache erase job created, Folder count: [1]
SGSB.exe: 00001184: 13:59:43 [TUniServerModule]:Starting HTTP Server on Port: 2425...
SGSB.exe: 00001184: 13:59:43 [TUniServerModule]:HTTP Server Started on Port: 2425
SGSB.exe: 00000388: 14:03:14 []:>--------------------------------------------------------------<
SGSB.exe: 00000388: 14:03:14 [TUniServerModule]:Server First Init.
SGSB.exe: 00000388: 14:03:14 [TUniServerModule]:Start Path = E:\SISTEMAS_ISRAEL\SGS - Financeiro\Win32\Debug\
SGSB.exe: 00000388: 14:03:14 [TUniServerModule]:Debug Mode = ON
SGSB.exe: 00000388: 14:03:14 [TUniServerModule]:Starting HTTP Server on Port: 2425...
SGSB.exe: 00000388: 14:03:14 [TUniServerModule]:HTTP Server Started on Port: 2425
SGSB.exe: 000004E0: 14:08:25 []:>--------------------------------------------------------------<
SGSB.exe: 000004E0: 14:08:25 [TUniServerModule]:Server First Init.
SGSB.exe: 000004E0: 14:08:25 [TUniServerModule]:Start Path = E:\SISTEMAS_ISRAEL\SGS - Financeiro\Win32\Debug\
SGSB.exe: 000004E0: 14:08:25 [TUniServerModule]:Debug Mode = ON
SGSB.exe: 000004E0: 14:08:25 [TUniGUISessionManager]:Cache erase job created, Folder count: [1]
SGSB.exe: 000004E0: 14:08:25 [TUniServerModule]:Starting HTTP Server on Port: 2425...
SGSB.exe: 000004E0: 14:08:25 [TUniServerModule]:HTTP Server Started on Port: 2425
SGSB.exe: 00000B70: 14:08:50 [10.0.0.158]:EUniSessionException : Invalid session or session Timeout. (Session not found: k9ky3lKBhk10F9DAB7E ) : Addr: $008005A0
SGSB.exe: 000017F4: 14:15:18 []:>--------------------------------------------------------------<
SGSB.exe: 000017F4: 14:15:18 [TUniServerModule]:Server First Init.
SGSB.exe: 000017F4: 14:15:18 [TUniServerModule]:Start Path = E:\SISTEMAS_ISRAEL\SGS - Financeiro\Win32\Debug\
SGSB.exe: 000017F4: 14:15:18 [TUniServerModule]:Debug Mode = ON
SGSB.exe: 000017F4: 14:15:18 [TUniGUISessionManager]:Cache erase job created, Folder count: [1]
SGSB.exe: 000017F4: 14:15:18 [TUniServerModule]:Starting HTTP Server on Port: 2425...
SGSB.exe: 000017F4: 14:15:18 [TUniServerModule]:HTTP Server Started on Port: 2425
SGSB.exe: 00001628: 14:15:30 [[FireDAC][Phys][Ora]-306. Command text must not be empty-10.0.0.158]:EFDException : [FireDAC][Phys][Ora]-306. Command text must not be empty : Addr: $00809656
SGSB.exe: 000005E8: 14:15:45 [[FireDAC][Phys][Ora]-306. Command text must not be empty-10.0.0.158]:EFDException : [FireDAC][Phys][Ora]-306. Command text must not be empty : Addr: $00809656
SGSB.exe: 00000614: 14:16:01 [[FireDAC][Phys][Ora]-306. Command text must not be empty-10.0.0.158]:EFDException : [FireDAC][Phys][Ora]-306. Command text must not be empty : Addr: $00809656
SGSB.exe: 00000634: 14:16:09 [10.0.0.158]:EUniSessionException : Invalid session or session Timeout. (Session not found: RcgIzS2xLh10F9DAEA6 ) : Addr: $008005A0
SGSB.exe: 0000051C: 14:16:20 [[FireDAC][Phys][Ora]-306. Command text must not be empty-10.0.0.158]:EFDException : [FireDAC][Phys][Ora]-306. Command text must not be empty : Addr: $00809656
SGSB.exe: 00000908: 14:16:45 []:>--------------------------------------------------------------<
SGSB.exe: 00000908: 14:16:45 [TUniServerModule]:Server First Init.
SGSB.exe: 00000908: 14:16:45 [TUniServerModule]:Start Path = E:\SISTEMAS_ISRAEL\SGS - Financeiro\Win32\Debug\
SGSB.exe: 00000908: 14:16:45 [TUniServerModule]:Debug Mode = ON
SGSB.exe: 00000908: 14:16:45 [TUniGUISessionManager]:Cache erase job created, Folder count: [1]
SGSB.exe: 00000908: 14:16:45 [TUniServerModule]:Starting HTTP Server on Port: 2425...
SGSB.exe: 00000908: 14:16:45 [TUniServerModule]:HTTP Server Started on Port: 2425
SGSB.exe: 00000418: 14:16:48 [10.0.0.158]:EUniSessionException : Invalid session or session Timeout. (Session not found: jqsvLat4EX10F9DAEDF ) : Addr: $008005A0
SGSB.exe: 00000E40: 14:16:48 [10.0.0.158]:EUniSessionException : Invalid session or session Timeout. (Session not found: jqsvLat4EX10F9DAEDF ) : Addr: $008005A0
SGSB.exe: 000017A8: 14:16:48 [10.0.0.158]:EUniSessionException : Invalid session or session Timeout. (Session not found: jqsvLat4EX10F9DAEDF ) : Addr: $008005A0
SGSB.exe: 0000096C: 14:16:48 [10.0.0.158]:EUniSessionException : Invalid session or session Timeout. (Session not found: jqsvLat4EX10F9DAEDF ) : Addr: $008005A0
SGSB.exe: 000015EC: 14:19:36 []:>--------------------------------------------------------------<
SGSB.exe: 000015EC: 14:19:36 [TUniServerModule]:Server First Init.
SGSB.exe: 000015EC: 14:19:36 [TUniServerModule]:Start Path = E:\SISTEMAS_ISRAEL\SGS - Financeiro\Win32\Debug\
SGSB.exe: 000015EC: 14:19:36 [TUniServerModule]:Debug Mode = ON
SGSB.exe: 000015EC: 14:19:36 [TUniGUISessionManager]:Cache erase job created, Folder count: [1]
SGSB.exe: 000015EC: 14:19:36 [TUniServerModule]:Starting HTTP Server on Port: 2425...
SGSB.exe: 000015EC: 14:19:37 [TUniServerModule]:HTTP Server Started on Port: 2425
SGSB.exe: 000003F0: 14:19:37 [10.0.0.158]:EUniSessionException : Invalid session or session Timeout. (Session not found: WCLHXJOqwN10F9DAF12 ) : Addr: $008005A0
SGSB.exe: 00000530: 14:27:03 []:>--------------------------------------------------------------<
SGSB.exe: 00000530: 14:27:03 [TUniServerModule]:Server First Init.
SGSB.exe: 00000530: 14:27:03 [TUniServerModule]:Start Path = E:\SISTEMAS_ISRAEL\SGS - Financeiro\Win32\Debug\
SGSB.exe: 00000530: 14:27:03 [TUniServerModule]:Debug Mode = ON
SGSB.exe: 00000530: 14:27:03 [TUniGUISessionManager]:Cache erase job created, Folder count: [1]
SGSB.exe: 00000530: 14:27:03 [TUniServerModule]:Starting HTTP Server on Port: 2425...
SGSB.exe: 00000530: 14:27:03 [TUniServerModule]:HTTP Server Started on Port: 2425
SGSB.exe: 00001260: 14:27:17 [10.0.0.158]:EUniSessionException : Invalid session or session Timeout. (Session not found: EHZn4bvI5510F9DAFD1 ) : Addr: $008005A0
SGSB.exe: 00000A1C: 14:27:17 [10.0.0.158]:EUniSessionException : Invalid session or session Timeout. (Session not found: EHZn4bvI5510F9DAFD1 ) : Addr: $008005A0
SGSB.exe: 000017E0: 14:29:51 []:>--------------------------------------------------------------<
SGSB.exe: 000017E0: 14:29:51 [TUniServerModule]:Server First Init.
SGSB.exe: 000017E0: 14:29:51 [TUniServerModule]:Start Path = E:\SISTEMAS_ISRAEL\SGS - Financeiro\Win32\Debug\
SGSB.exe: 000017E0: 14:29:51 [TUniServerModule]:Debug Mode = ON
SGSB.exe: 000017E0: 14:29:51 [TUniGUISessionManager]:Cache erase job created, Folder count: [1]
SGSB.exe: 000017E0: 14:29:51 [TUniServerModule]:Starting HTTP Server on Port: 2425...
SGSB.exe: 000017E0: 14:29:51 [TUniServerModule]:HTTP Server Started on Port: 2425
SGSB.exe: 0000156C: 14:30:53 []:>--------------------------------------------------------------<
SGSB.exe: 0000156C: 14:30:53 [TUniServerModule]:Server First Init.
SGSB.exe: 0000156C: 14:30:53 [TUniServerModule]:Start Path = E:\SISTEMAS_ISRAEL\SGS - Financeiro\Win32\Debug\
SGSB.exe: 0000156C: 14:30:53 [TUniServerModule]:Debug Mode = ON
SGSB.exe: 0000156C: 14:30:53 [TUniGUISessionManager]:Cache erase job created, Folder count: [1]
SGSB.exe: 0000156C: 14:30:53 [TUniServerModule]:Starting HTTP Server on Port: 2425...
SGSB.exe: 0000156C: 14:30:53 [TUniServerModule]:HTTP Server Started on Port: 2425
SGSB.exe: 000011A4: 14:30:53 [10.0.0.158]:EUniSessionException : Invalid session or session Timeout. (Session not found: omDdEEAPHB10F9DB299 ) : Addr: $008005A0
SGSB.exe: 00001538: 14:34:23 []:>--------------------------------------------------------------<
SGSB.exe: 00001538: 14:34:23 [TUniServerModule]:Server First Init.
SGSB.exe: 00001538: 14:34:23 [TUniServerModule]:Start Path = E:\SISTEMAS_ISRAEL\SGS - Financeiro\Win32\Debug\
SGSB.exe: 00001538: 14:34:23 [TUniServerModule]:Debug Mode = ON
SGSB.exe: 00001538: 14:34:23 [TUniGUISessionManager]:Cache erase job created, Folder count: [1]
SGSB.exe: 00001538: 14:34:23 [TUniServerModule]:Starting HTTP Server on Port: 2425...
SGSB.exe: 00001538: 14:34:23 [TUniServerModule]:HTTP Server Started on Port: 2425
SGSB.exe: 000016AC: 14:35:47 []:>--------------------------------------------------------------<
SGSB.exe: 000016AC: 14:35:47 [TUniServerModule]:Server First Init.
SGSB.exe: 000016AC: 14:35:47 [TUniServerModule]:Start Path = E:\SISTEMAS_ISRAEL\SGS - Financeiro\Win32\Debug\
SGSB.exe: 000016AC: 14:35:47 [TUniServerModule]:Debug Mode = ON
SGSB.exe: 000016AC: 14:35:47 [TUniGUISessionManager]:Cache erase job created, Folder count: [1]
SGSB.exe: 000016AC: 14:35:47 [TUniServerModule]:Starting HTTP Server on Port: 2425...
SGSB.exe: 000016AC: 14:35:47 [TUniServerModule]:HTTP Server Started on Port: 2425
SGSB.exe: 00001148: 14:38:28 []:>--------------------------------------------------------------<
SGSB.exe: 00001148: 14:38:28 [TUniServerModule]:Server First Init.
SGSB.exe: 00001148: 14:38:28 [TUniServerModule]:Start Path = E:\SISTEMAS_ISRAEL\SGS - Financeiro\Win32\Debug\
SGSB.exe: 00001148: 14:38:28 [TUniServerModule]:Debug Mode = ON
SGSB.exe: 00001148: 14:38:28 [TUniGUISessionManager]:Cache erase job created, Folder count: [1]
SGSB.exe: 00001148: 14:38:28 [TUniServerModule]:Starting HTTP Server on Port: 2425...
SGSB.exe: 00001148: 14:38:28 [TUniServerModule]:HTTP Server Started on Port: 2425
SGSB.exe: 00001158: 15:04:45 [10.0.0.158]:EUniSessionException : Invalid session or session Timeout. (Session not found: TKq2ZtX24h10F9DB4EE ) : Addr: $008005A0
