SGSB.exe: 0000116C: 08:07:42 []:>--------------------------------------------------------------<
SGSB.exe: 0000116C: 08:07:42 [TUniServerModule]:Server First Init.
SGSB.exe: 0000116C: 08:07:42 [TUniServerModule]:Start Path = E:\SISTEMAS_ISRAEL\SGS - Financeiro\Win32\Debug\
SGSB.exe: 0000116C: 08:07:42 [TUniServerModule]:Starting HTTP Server on Port: 2425...
SGSB.exe: 0000116C: 08:07:42 [TUniServerModule]:HTTP Server Started on Port: 2425
SGSB.exe: 0000116C: 08:35:04 [TUniServerModule]:Shutting Down Server.
SGSB.exe: 0000116C: 08:35:04 [TUniServerModule]:Stopping HTTP Server.
SGSB.exe: 0000116C: 08:35:04 [TUniServerModule]:HTTP Server Stopped.
SGSB.exe: 0000116C: 08:35:04 [TUniGUISessionManager]:Terminating Session manager.
SGSB.exe: 0000116C: 08:35:04 [TUniGUISessionManager]:Stopping Cache Eraser...
SGSB.exe: 0000116C: 08:35:04 [TUniGUISessionManager]:Cache Eraser Stopped.
SGSB.exe: 0000116C: 08:35:04 [TUniGUISessionManager]:Destroying Worker Threads.
SGSB.exe: 0000116C: 08:35:04 [TUniGUISessionManager]:Session manager terminated.
SGSB.exe: 0000116C: 08:35:04 [TUniWebSocketStack]:Terminating...
SGSB.exe: 0000116C: 08:35:04 [TUniGUIMessageQ]:Terminated.
SGSB.exe: 0000116C: 08:35:04 [TUniWebSocketStack]:Terminated.
SGSB.exe: 0000116C: 08:35:04 [TUniServerModule]:Server Shutdown Completed.
SGSB.exe: 0000116C: 08:35:04 []:<-------------------------------------------------------------->
SGSB.exe: 0000116C: 08:35:04 [Terminated]:Exit Code: 0
SGSB.exe: 000010C0: 08:35:12 []:>--------------------------------------------------------------<
SGSB.exe: 000010C0: 08:35:12 [TUniServerModule]:Server First Init.
SGSB.exe: 000010C0: 08:35:12 [TUniServerModule]:Start Path = E:\SISTEMAS_ISRAEL\SGS - Financeiro\Win32\Debug\
SGSB.exe: 000010C0: 08:35:12 [TUniServerModule]:Starting HTTP Server on Port: 2425...
SGSB.exe: 000010C0: 08:35:12 [TUniServerModule]:HTTP Server Started on Port: 2425
SGSB.exe: 000014B0: 08:35:12 [10.0.0.158]:EUniSessionException : Invalid session or session Timeout. (Session not found: yiqcAS5GyC10F9115ED ) : Addr: $007FFFD4
SGSB.exe: 000010C0: 08:35:22 [TUniServerModule]:Shutting Down Server.
SGSB.exe: 000010C0: 08:35:22 [TUniServerModule]:Stopping HTTP Server.
SGSB.exe: 000010C0: 08:35:23 [TUniServerModule]:HTTP Server Stopped.
SGSB.exe: 000010C0: 08:35:23 [TUniGUISessionManager]:Terminating Session manager.
SGSB.exe: 000010C0: 08:35:23 [TUniGUISessionManager]:Stopping Cache Eraser...
SGSB.exe: 000010C0: 08:35:23 [TUniGUISessionManager]:Cache Eraser Stopped.
SGSB.exe: 000010C0: 08:35:23 [TUniGUISessionManager]:Destroying Worker Threads.
SGSB.exe: 000010C0: 08:35:23 [TUniGUISessionManager]:Session manager terminated.
SGSB.exe: 000010C0: 08:35:23 [TUniWebSocketStack]:Terminating...
SGSB.exe: 000010C0: 08:35:23 [TUniGUIMessageQ]:Terminated.
SGSB.exe: 000010C0: 08:35:23 [TUniWebSocketStack]:Terminated.
SGSB.exe: 000010C0: 08:35:23 [TUniServerModule]:Server Shutdown Completed.
SGSB.exe: 000010C0: 08:35:23 []:<-------------------------------------------------------------->
SGSB.exe: 000010C0: 08:35:23 [Terminated]:Exit Code: 0
SGSB.exe: 0000120C: 08:35:32 []:>--------------------------------------------------------------<
SGSB.exe: 0000120C: 08:35:32 [TUniServerModule]:Server First Init.
SGSB.exe: 0000120C: 08:35:32 [TUniServerModule]:Start Path = E:\SISTEMAS_ISRAEL\SGS - Financeiro\Win32\Debug\
SGSB.exe: 0000120C: 08:35:32 [TUniServerModule]:Debug Mode = ON
SGSB.exe: 0000120C: 08:35:32 [TUniGUISessionManager]:Cache erase job created, Folder count: [1]
SGSB.exe: 0000120C: 08:35:33 [TUniServerModule]:Starting HTTP Server on Port: 2425...
SGSB.exe: 0000120C: 08:35:33 [TUniServerModule]:HTTP Server Started on Port: 2425
SGSB.exe: 00000CD8: 08:36:29 [10.0.0.158]:EOCINativeException : [FireDAC][Phys][Ora] ORA-00933: SQL command not properly ended : Addr: $0080908A
SGSB.exe: 00000464: 08:37:22 []:>--------------------------------------------------------------<
SGSB.exe: 00000464: 08:37:22 [TUniServerModule]:Server First Init.
SGSB.exe: 00000464: 08:37:22 [TUniServerModule]:Start Path = E:\SISTEMAS_ISRAEL\SGS - Financeiro\Win32\Debug\
SGSB.exe: 00000464: 08:37:22 [TUniServerModule]:Debug Mode = ON
SGSB.exe: 00000464: 08:37:22 [TUniGUISessionManager]:Cache erase job created, Folder count: [1]
SGSB.exe: 00000464: 08:37:22 [TUniServerModule]:Starting HTTP Server on Port: 2425...
SGSB.exe: 00000464: 08:37:22 [TUniServerModule]:HTTP Server Started on Port: 2425
SGSB.exe: 00000B94: 08:38:09 [10.0.0.158]:EOCINativeException : [FireDAC][Phys][Ora] ORA-00917: missing comma : Addr: $0080908A
SGSB.exe: 00001634: 08:38:37 [10.0.0.158]:EOCINativeException : [FireDAC][Phys][Ora] ORA-00917: missing comma : Addr: $0080908A
SGSB.exe: 000005F0: 08:41:24 []:>--------------------------------------------------------------<
SGSB.exe: 000005F0: 08:41:24 [TUniServerModule]:Server First Init.
SGSB.exe: 000005F0: 08:41:24 [TUniServerModule]:Start Path = E:\SISTEMAS_ISRAEL\SGS - Financeiro\Win32\Debug\
SGSB.exe: 000005F0: 08:41:24 [TUniServerModule]:Debug Mode = ON
SGSB.exe: 000005F0: 08:41:24 [TUniGUISessionManager]:Cache erase job created, Folder count: [1]
SGSB.exe: 000005F0: 08:41:24 [TUniServerModule]:Starting HTTP Server on Port: 2425...
SGSB.exe: 000005F0: 08:41:24 [TUniServerModule]:HTTP Server Started on Port: 2425
SGSB.exe: 000015E0: 08:51:13 []:>--------------------------------------------------------------<
SGSB.exe: 000015E0: 08:51:13 [TUniServerModule]:Server First Init.
SGSB.exe: 000015E0: 08:51:13 [TUniServerModule]:Start Path = E:\SISTEMAS_ISRAEL\SGS - Financeiro\Win32\Debug\
SGSB.exe: 000015E0: 08:51:13 [TUniServerModule]:Debug Mode = ON
SGSB.exe: 000015E0: 08:51:13 [TUniGUISessionManager]:Cache erase job created, Folder count: [1]
SGSB.exe: 000015E0: 08:51:13 [TUniServerModule]:Starting HTTP Server on Port: 2425...
SGSB.exe: 000015E0: 08:51:13 [TUniServerModule]:HTTP Server Started on Port: 2425
SGSB.exe: 000012D4: 08:52:25 []:>--------------------------------------------------------------<
SGSB.exe: 000012D4: 08:52:25 [TUniServerModule]:Server First Init.
SGSB.exe: 000012D4: 08:52:25 [TUniServerModule]:Start Path = E:\SISTEMAS_ISRAEL\SGS - Financeiro\Win32\Debug\
SGSB.exe: 000012D4: 08:52:25 [TUniServerModule]:Debug Mode = ON
SGSB.exe: 000012D4: 08:52:25 [TUniGUISessionManager]:Cache erase job created, Folder count: [1]
SGSB.exe: 000012D4: 08:52:25 [TUniServerModule]:Starting HTTP Server on Port: 2425...
SGSB.exe: 000012D4: 08:52:25 [TUniServerModule]:HTTP Server Started on Port: 2425
SGSB.exe: 0000093C: 08:52:28 [10.0.0.158]:EUniSessionException : Invalid session or session Timeout. (Session not found: twMH927dgv10F9121BC ) : Addr: $007FFFD4
SGSB.exe: 000004C4: 08:54:33 []:>--------------------------------------------------------------<
SGSB.exe: 000004C4: 08:54:33 [TUniServerModule]:Server First Init.
SGSB.exe: 000004C4: 08:54:33 [TUniServerModule]:Start Path = E:\SISTEMAS_ISRAEL\SGS - Financeiro\Win32\Debug\
SGSB.exe: 000004C4: 08:54:33 [TUniServerModule]:Debug Mode = ON
SGSB.exe: 000004C4: 08:54:33 [TUniGUISessionManager]:Cache erase job created, Folder count: [1]
SGSB.exe: 000004C4: 08:54:33 [TUniServerModule]:Starting HTTP Server on Port: 2425...
SGSB.exe: 000004C4: 08:54:33 [TUniServerModule]:HTTP Server Started on Port: 2425
SGSB.exe: 00000B40: 08:54:52 [10.0.0.158]:EDatabaseError : FDQuery1: Field 'VISITA_CIDADE' not found : Addr: $0062FFBA
SGSB.exe: 000015CC: 08:59:01 []:>--------------------------------------------------------------<
SGSB.exe: 000015CC: 08:59:01 [TUniServerModule]:Server First Init.
SGSB.exe: 000015CC: 08:59:01 [TUniServerModule]:Start Path = E:\SISTEMAS_ISRAEL\SGS - Financeiro\Win32\Debug\
SGSB.exe: 000015CC: 08:59:01 [TUniServerModule]:Debug Mode = ON
SGSB.exe: 000015CC: 08:59:01 [TUniGUISessionManager]:Cache erase job created, Folder count: [1]
SGSB.exe: 000015CC: 08:59:01 [TUniServerModule]:Starting HTTP Server on Port: 2425...
SGSB.exe: 000015CC: 08:59:01 [TUniServerModule]:HTTP Server Started on Port: 2425
SGSB.exe: 0000121C: 09:00:04 []:>--------------------------------------------------------------<
SGSB.exe: 0000121C: 09:00:04 [TUniServerModule]:Server First Init.
SGSB.exe: 0000121C: 09:00:04 [TUniServerModule]:Start Path = E:\SISTEMAS_ISRAEL\SGS - Financeiro\Win32\Debug\
SGSB.exe: 0000121C: 09:00:04 [TUniServerModule]:Debug Mode = ON
SGSB.exe: 0000121C: 09:00:04 [TUniGUISessionManager]:Cache erase job created, Folder count: [1]
SGSB.exe: 0000121C: 09:00:04 [TUniServerModule]:Starting HTTP Server on Port: 2425...
SGSB.exe: 0000121C: 09:00:04 [TUniServerModule]:HTTP Server Started on Port: 2425
SGSB.exe: 000006C4: 09:01:33 []:>--------------------------------------------------------------<
SGSB.exe: 000006C4: 09:01:33 [TUniServerModule]:Server First Init.
SGSB.exe: 000006C4: 09:01:33 [TUniServerModule]:Start Path = E:\SISTEMAS_ISRAEL\SGS - Financeiro\Win32\Debug\
SGSB.exe: 000006C4: 09:01:33 [TUniServerModule]:Debug Mode = ON
SGSB.exe: 000006C4: 09:01:33 [TUniGUISessionManager]:Cache erase job created, Folder count: [1]
SGSB.exe: 000006C4: 09:01:33 [TUniServerModule]:Starting HTTP Server on Port: 2425...
SGSB.exe: 000006C4: 09:01:33 [TUniServerModule]:HTTP Server Started on Port: 2425
SGSB.exe: 00001744: 09:02:30 []:>--------------------------------------------------------------<
SGSB.exe: 00001744: 09:02:30 [TUniServerModule]:Server First Init.
SGSB.exe: 00001744: 09:02:30 [TUniServerModule]:Start Path = E:\SISTEMAS_ISRAEL\SGS - Financeiro\Win32\Debug\
SGSB.exe: 00001744: 09:02:30 [TUniServerModule]:Debug Mode = ON
SGSB.exe: 00001744: 09:02:30 [TUniGUISessionManager]:Cache erase job created, Folder count: [1]
SGSB.exe: 00001744: 09:02:30 [TUniServerModule]:Starting HTTP Server on Port: 2425...
SGSB.exe: 00001744: 09:02:30 [TUniServerModule]:HTTP Server Started on Port: 2425
SGSB.exe: 0000166C: 09:02:30 [10.0.0.158]:EUniSessionException : Invalid session or session Timeout. (Session not found: B7AxTUZk4i10F912489 ) : Addr: $007FFFD4
SGSB.exe: 00000304: 09:03:40 []:>--------------------------------------------------------------<
SGSB.exe: 00000304: 09:03:40 [TUniServerModule]:Server First Init.
SGSB.exe: 00000304: 09:03:40 [TUniServerModule]:Start Path = E:\SISTEMAS_ISRAEL\SGS - Financeiro\Win32\Debug\
SGSB.exe: 00000304: 09:03:40 [TUniServerModule]:Debug Mode = ON
SGSB.exe: 00000304: 09:03:40 [TUniGUISessionManager]:Cache erase job created, Folder count: [1]
SGSB.exe: 00000304: 09:03:40 [TUniServerModule]:Starting HTTP Server on Port: 2425...
SGSB.exe: 00000304: 09:03:40 [TUniServerModule]:HTTP Server Started on Port: 2425
SGSB.exe: 00000F1C: 09:03:43 [10.0.0.158]:EUniSessionException : Invalid session or session Timeout. (Session not found: kwbmdjkeXs10F9124CB ) : Addr: $007FFFD4
SGSB.exe: 000010F8: 09:06:28 []:>--------------------------------------------------------------<
SGSB.exe: 000010F8: 09:06:28 [TUniServerModule]:Server First Init.
SGSB.exe: 000010F8: 09:06:28 [TUniServerModule]:Start Path = E:\SISTEMAS_ISRAEL\SGS - Financeiro\Win32\Debug\
SGSB.exe: 000010F8: 09:06:28 [TUniServerModule]:Debug Mode = ON
SGSB.exe: 000010F8: 09:06:28 [TUniGUISessionManager]:Cache erase job created, Folder count: [2]
SGSB.exe: 000010F8: 09:06:28 [TUniServerModule]:Starting HTTP Server on Port: 2425...
SGSB.exe: 000010F8: 09:06:29 [TUniServerModule]:HTTP Server Started on Port: 2425
SGSB.exe: 00000ECC: 09:15:38 []:>--------------------------------------------------------------<
SGSB.exe: 00000ECC: 09:15:38 [TUniServerModule]:Server First Init.
SGSB.exe: 00000ECC: 09:15:38 [TUniServerModule]:Start Path = E:\SISTEMAS_ISRAEL\SGS - Financeiro\Win32\Debug\
SGSB.exe: 00000ECC: 09:15:38 [TUniServerModule]:Debug Mode = ON
SGSB.exe: 00000ECC: 09:15:38 [TUniGUISessionManager]:Cache erase job created, Folder count: [1]
SGSB.exe: 00000ECC: 09:15:38 [TUniServerModule]:Starting HTTP Server on Port: 2425...
SGSB.exe: 00000ECC: 09:15:38 [TUniServerModule]:HTTP Server Started on Port: 2425
SGSB.exe: 00000D1C: 09:17:04 []:>--------------------------------------------------------------<
SGSB.exe: 00000D1C: 09:17:04 [TUniServerModule]:Server First Init.
SGSB.exe: 00000D1C: 09:17:04 [TUniServerModule]:Start Path = E:\SISTEMAS_ISRAEL\SGS - Financeiro\Win32\Debug\
SGSB.exe: 00000D1C: 09:17:04 [TUniServerModule]:Debug Mode = ON
SGSB.exe: 00000D1C: 09:17:04 [TUniGUISessionManager]:Cache erase job created, Folder count: [1]
SGSB.exe: 00000D1C: 09:17:04 [TUniServerModule]:Starting HTTP Server on Port: 2425...
SGSB.exe: 00000D1C: 09:17:05 [TUniServerModule]:HTTP Server Started on Port: 2425
SGSB.exe: 00001600: 09:17:27 [10.0.0.158]:EUniSessionException : Invalid session or session Timeout. (Session not found: SrFn17WQjv10F91285D ) : Addr: $007FFFD4
SGSB.exe: 00000E40: 09:19:55 []:>--------------------------------------------------------------<
SGSB.exe: 00000E40: 09:19:55 [TUniServerModule]:Server First Init.
SGSB.exe: 00000E40: 09:19:55 [TUniServerModule]:Start Path = E:\SISTEMAS_ISRAEL\SGS - Financeiro\Win32\Debug\
SGSB.exe: 00000E40: 09:19:55 [TUniServerModule]:Debug Mode = ON
SGSB.exe: 00000E40: 09:19:55 [TUniGUISessionManager]:Cache erase job created, Folder count: [1]
SGSB.exe: 00000E40: 09:19:55 [TUniServerModule]:Starting HTTP Server on Port: 2425...
SGSB.exe: 00000E40: 09:19:55 [TUniServerModule]:HTTP Server Started on Port: 2425
SGSB.exe: 00000AA8: 09:20:43 []:>--------------------------------------------------------------<
SGSB.exe: 00000AA8: 09:20:43 [TUniServerModule]:Server First Init.
SGSB.exe: 00000AA8: 09:20:43 [TUniServerModule]:Start Path = E:\SISTEMAS_ISRAEL\SGS - Financeiro\Win32\Debug\
SGSB.exe: 00000AA8: 09:20:43 [TUniServerModule]:Debug Mode = ON
SGSB.exe: 00000AA8: 09:20:43 [TUniGUISessionManager]:Cache erase job created, Folder count: [2]
SGSB.exe: 00000AA8: 09:20:43 [TUniServerModule]:Starting HTTP Server on Port: 2425...
SGSB.exe: 00000AA8: 09:20:43 [TUniServerModule]:HTTP Server Started on Port: 2425
SGSB.exe: 000014F4: 09:23:34 []:>--------------------------------------------------------------<
SGSB.exe: 000014F4: 09:23:34 [TUniServerModule]:Server First Init.
SGSB.exe: 000014F4: 09:23:34 [TUniServerModule]:Start Path = E:\SISTEMAS_ISRAEL\SGS - Financeiro\Win32\Debug\
SGSB.exe: 000014F4: 09:23:34 [TUniServerModule]:Debug Mode = ON
SGSB.exe: 000014F4: 09:23:34 [TUniGUISessionManager]:Cache erase job created, Folder count: [1]
SGSB.exe: 000014F4: 09:23:34 [TUniServerModule]:Starting HTTP Server on Port: 2425...
SGSB.exe: 000014F4: 09:23:34 [TUniServerModule]:HTTP Server Started on Port: 2425
SGSB.exe: 00001640: 09:24:51 []:>--------------------------------------------------------------<
SGSB.exe: 00001640: 09:24:51 [TUniServerModule]:Server First Init.
SGSB.exe: 00001640: 09:24:51 [TUniServerModule]:Start Path = E:\SISTEMAS_ISRAEL\SGS - Financeiro\Win32\Debug\
SGSB.exe: 00001640: 09:24:51 [TUniServerModule]:Debug Mode = ON
SGSB.exe: 00001640: 09:24:51 [TUniGUISessionManager]:Cache erase job created, Folder count: [1]
SGSB.exe: 00001640: 09:24:51 [TUniServerModule]:Starting HTTP Server on Port: 2425...
SGSB.exe: 00001640: 09:24:51 [TUniServerModule]:HTTP Server Started on Port: 2425
SGSB.exe: 000008AC: 09:26:42 []:>--------------------------------------------------------------<
SGSB.exe: 000008AC: 09:26:42 [TUniServerModule]:Server First Init.
SGSB.exe: 000008AC: 09:26:42 [TUniServerModule]:Start Path = E:\SISTEMAS_ISRAEL\SGS - Financeiro\Win32\Debug\
SGSB.exe: 000008AC: 09:26:42 [TUniServerModule]:Debug Mode = ON
SGSB.exe: 000008AC: 09:26:42 [TUniGUISessionManager]:Cache erase job created, Folder count: [1]
SGSB.exe: 000008AC: 09:26:42 [TUniServerModule]:Starting HTTP Server on Port: 2425...
SGSB.exe: 000008AC: 09:26:42 [TUniServerModule]:HTTP Server Started on Port: 2425
SGSB.exe: 00000E58: 09:27:29 []:>--------------------------------------------------------------<
SGSB.exe: 00000E58: 09:27:29 [TUniServerModule]:Server First Init.
SGSB.exe: 00000E58: 09:27:29 [TUniServerModule]:Start Path = E:\SISTEMAS_ISRAEL\SGS - Financeiro\Win32\Debug\
SGSB.exe: 00000E58: 09:27:29 [TUniServerModule]:Debug Mode = ON
SGSB.exe: 00000E58: 09:27:29 [TUniGUISessionManager]:Cache erase job created, Folder count: [1]
SGSB.exe: 00000E58: 09:27:30 [TUniServerModule]:Starting HTTP Server on Port: 2425...
SGSB.exe: 00000E58: 09:27:30 [TUniServerModule]:HTTP Server Started on Port: 2425
SGSB.exe: 0000174C: 09:29:38 []:>--------------------------------------------------------------<
SGSB.exe: 0000174C: 09:29:38 [TUniServerModule]:Server First Init.
SGSB.exe: 0000174C: 09:29:38 [TUniServerModule]:Start Path = E:\SISTEMAS_ISRAEL\SGS - Financeiro\Win32\Debug\
SGSB.exe: 0000174C: 09:29:38 [TUniServerModule]:Debug Mode = ON
SGSB.exe: 0000174C: 09:29:38 [TUniGUISessionManager]:Cache erase job created, Folder count: [1]
SGSB.exe: 0000174C: 09:29:38 [TUniServerModule]:Starting HTTP Server on Port: 2425...
SGSB.exe: 0000174C: 09:29:38 [TUniServerModule]:HTTP Server Started on Port: 2425
SGSB.exe: 00000A1C: 11:16:02 [10.0.0.158]:EOCINativeException : [FireDAC][Phys][Ora] ORA-01438: value larger than specified precision allowed for this column : Addr: $0080908A
SGSB.exe: 000006F0: 11:16:02 [10.0.0.158]:EOCINativeException : [FireDAC][Phys][Ora] ORA-01438: value larger than specified precision allowed for this column : Addr: $0080908A
SGSB.exe: 000016C8: 11:16:23 [10.0.0.158]:EOCINativeException : [FireDAC][Phys][Ora] ORA-01438: value larger than specified precision allowed for this column : Addr: $0080908A
SGSB.exe: 000007E4: 11:16:25 [10.0.0.158]:EOCINativeException : [FireDAC][Phys][Ora] ORA-01438: value larger than specified precision allowed for this column : Addr: $0080908A
SGSB.exe: 0000150C: 11:28:29 []:>--------------------------------------------------------------<
SGSB.exe: 0000150C: 11:28:29 [TUniServerModule]:Server First Init.
SGSB.exe: 0000150C: 11:28:29 [TUniServerModule]:Start Path = E:\SISTEMAS_ISRAEL\SGS - Financeiro\Win32\Debug\
SGSB.exe: 0000150C: 11:28:29 [TUniServerModule]:Debug Mode = ON
SGSB.exe: 0000150C: 11:28:29 [TUniServerModule]:Starting HTTP Server on Port: 2425...
SGSB.exe: 0000150C: 11:28:30 [TUniServerModule]:HTTP Server Started on Port: 2425
SGSB.exe: 00001108: 11:30:11 []:>--------------------------------------------------------------<
SGSB.exe: 00001108: 11:30:11 [TUniServerModule]:Server First Init.
SGSB.exe: 00001108: 11:30:11 [TUniServerModule]:Start Path = E:\SISTEMAS_ISRAEL\SGS - Financeiro\Win32\Debug\
SGSB.exe: 00001108: 11:30:11 [TUniServerModule]:Debug Mode = ON
SGSB.exe: 00001108: 11:30:11 [TUniGUISessionManager]:Cache erase job created, Folder count: [1]
SGSB.exe: 00001108: 11:30:12 [TUniServerModule]:Starting HTTP Server on Port: 2425...
SGSB.exe: 00001108: 11:30:12 [TUniServerModule]:HTTP Server Started on Port: 2425
SGSB.exe: 00000390: 11:31:38 []:>--------------------------------------------------------------<
SGSB.exe: 00000390: 11:31:38 [TUniServerModule]:Server First Init.
SGSB.exe: 00000390: 11:31:38 [TUniServerModule]:Start Path = E:\SISTEMAS_ISRAEL\SGS - Financeiro\Win32\Debug\
SGSB.exe: 00000390: 11:31:38 [TUniServerModule]:Debug Mode = ON
SGSB.exe: 00000390: 11:31:38 [TUniGUISessionManager]:Cache erase job created, Folder count: [1]
SGSB.exe: 00000390: 11:31:38 [TUniServerModule]:Starting HTTP Server on Port: 2425...
SGSB.exe: 00000390: 11:31:38 [TUniServerModule]:HTTP Server Started on Port: 2425
SGSB.exe: 00000374: 11:33:34 []:>--------------------------------------------------------------<
SGSB.exe: 00000374: 11:33:34 [TUniServerModule]:Server First Init.
SGSB.exe: 00000374: 11:33:34 [TUniServerModule]:Start Path = E:\SISTEMAS_ISRAEL\SGS - Financeiro\Win32\Debug\
SGSB.exe: 00000374: 11:33:34 [TUniServerModule]:Debug Mode = ON
SGSB.exe: 00000374: 11:33:34 [TUniGUISessionManager]:Cache erase job created, Folder count: [1]
SGSB.exe: 00000374: 11:33:34 [TUniServerModule]:Starting HTTP Server on Port: 2425...
SGSB.exe: 00000374: 11:33:34 [TUniServerModule]:HTTP Server Started on Port: 2425
SGSB.exe: 00001254: 11:34:38 []:>--------------------------------------------------------------<
SGSB.exe: 00001254: 11:34:38 [TUniServerModule]:Server First Init.
SGSB.exe: 00001254: 11:34:38 [TUniServerModule]:Start Path = E:\SISTEMAS_ISRAEL\SGS - Financeiro\Win32\Debug\
SGSB.exe: 00001254: 11:34:38 [TUniServerModule]:Debug Mode = ON
SGSB.exe: 00001254: 11:34:38 [TUniGUISessionManager]:Cache erase job created, Folder count: [1]
SGSB.exe: 00001254: 11:34:38 [TUniServerModule]:Starting HTTP Server on Port: 2425...
SGSB.exe: 00001254: 11:34:39 [TUniServerModule]:HTTP Server Started on Port: 2425
SGSB.exe: 00000D98: 11:36:10 []:>--------------------------------------------------------------<
SGSB.exe: 00000D98: 11:36:10 [TUniServerModule]:Server First Init.
SGSB.exe: 00000D98: 11:36:10 [TUniServerModule]:Start Path = E:\SISTEMAS_ISRAEL\SGS - Financeiro\Win32\Debug\
SGSB.exe: 00000D98: 11:36:10 [TUniGUISessionManager]:Cache erase job created, Folder count: [1]
SGSB.exe: 00000D98: 11:36:10 [TUniServerModule]:Starting HTTP Server on Port: 2425...
SGSB.exe: 00000D98: 11:36:10 [TUniServerModule]:HTTP Server Started on Port: 2425
SGSB.exe: 0000147C: 11:36:18 [10.0.0.158]:EUniSessionException : Invalid session or session Timeout. (Session not found: MOV7rpMXWm10F914E13 ) : Addr: $007FFFD4
SGSB.exe: 00000D98: 11:37:56 [TUniServerModule]:Shutting Down Server.
SGSB.exe: 00000D98: 11:37:56 [TUniServerModule]:Stopping HTTP Server.
SGSB.exe: 00000D98: 11:37:57 [TUniServerModule]:HTTP Server Stopped.
SGSB.exe: 00000D98: 11:37:57 [TUniGUISessionManager]:Terminating Session manager.
SGSB.exe: 00000D98: 11:37:57 [TUniGUISessionManager]:Stopping Cache Eraser...
SGSB.exe: 00000D98: 11:37:57 [TUniGUISessionManager]:Cache Eraser Stopped.
SGSB.exe: 00000D98: 11:37:57 [TUniGUISessionManager]:Destroying Worker Threads.
SGSB.exe: 00000D98: 11:37:57 [TUniGUISessionManager]:Session manager terminated.
SGSB.exe: 00000D98: 11:37:57 [TUniWebSocketStack]:Terminating...
SGSB.exe: 00000D98: 11:37:57 [TUniGUIMessageQ]:Terminated.
SGSB.exe: 00000D98: 11:37:57 [TUniWebSocketStack]:Terminated.
SGSB.exe: 00000D98: 11:37:57 [TUniServerModule]:Server Shutdown Completed.
SGSB.exe: 00000D98: 11:37:57 []:<-------------------------------------------------------------->
SGSB.exe: 00000D98: 11:37:57 [Terminated]:Exit Code: 0
SGSB.exe: 00000318: 11:38:04 []:>--------------------------------------------------------------<
SGSB.exe: 00000318: 11:38:04 [TUniServerModule]:Server First Init.
SGSB.exe: 00000318: 11:38:04 [TUniServerModule]:Start Path = E:\SISTEMAS_ISRAEL\SGS - Financeiro\Win32\Debug\
SGSB.exe: 00000318: 11:38:04 [TUniServerModule]:Debug Mode = ON
SGSB.exe: 00000318: 11:38:04 [TUniGUISessionManager]:Cache erase job created, Folder count: [1]
SGSB.exe: 00000318: 11:38:04 [TUniServerModule]:Starting HTTP Server on Port: 2425...
SGSB.exe: 00000318: 11:38:04 [TUniServerModule]:HTTP Server Started on Port: 2425
SGSB.exe: 00001590: 13:10:39 []:>--------------------------------------------------------------<
SGSB.exe: 00001590: 13:10:39 [TUniServerModule]:Server First Init.
SGSB.exe: 00001590: 13:10:39 [TUniServerModule]:Start Path = E:\SISTEMAS_ISRAEL\SGS - Financeiro\Win32\Debug\
SGSB.exe: 00001590: 13:10:39 [TUniGUISessionManager]:Cache erase job created, Folder count: [1]
SGSB.exe: 00001590: 13:10:39 [TUniServerModule]:Starting HTTP Server on Port: 2425...
SGSB.exe: 00001590: 13:10:39 [TUniServerModule]:HTTP Server Started on Port: 2425
SGSB.exe: 00001590: 13:11:34 [TUniServerModule]:Shutting Down Server.
SGSB.exe: 00001590: 13:11:34 [TUniServerModule]:Stopping HTTP Server.
SGSB.exe: 00001590: 13:11:35 [TUniServerModule]:HTTP Server Stopped.
SGSB.exe: 00001590: 13:11:35 [TUniGUISessionManager]:Terminating Session manager.
SGSB.exe: 00001590: 13:11:35 [TUniGUISessionManager]:Stopping Cache Eraser...
SGSB.exe: 00001590: 13:11:35 [TUniGUISessionManager]:Cache Eraser Stopped.
SGSB.exe: 00001590: 13:11:35 [TUniGUISessionManager]:Destroying Worker Threads.
SGSB.exe: 00001590: 13:11:35 [TUniGUISessionManager]:Session manager terminated.
SGSB.exe: 00001590: 13:11:35 [TUniWebSocketStack]:Terminating...
SGSB.exe: 00001590: 13:11:35 [TUniGUIMessageQ]:Terminated.
SGSB.exe: 00001590: 13:11:35 [TUniWebSocketStack]:Terminated.
SGSB.exe: 00001590: 13:11:35 [TUniServerModule]:Server Shutdown Completed.
SGSB.exe: 00001590: 13:11:35 []:<-------------------------------------------------------------->
SGSB.exe: 00001590: 13:11:35 [Terminated]:Exit Code: 0
SGSB.exe: 00000C08: 13:11:39 []:>--------------------------------------------------------------<
SGSB.exe: 00000C08: 13:11:39 [TUniServerModule]:Server First Init.
SGSB.exe: 00000C08: 13:11:39 [TUniServerModule]:Start Path = E:\SISTEMAS_ISRAEL\SGS - Financeiro\Win32\Debug\
SGSB.exe: 00000C08: 13:11:39 [TUniGUISessionManager]:Cache erase job created, Folder count: [1]
SGSB.exe: 00000C08: 13:11:39 [TUniServerModule]:Starting HTTP Server on Port: 2425...
SGSB.exe: 00000C08: 13:11:39 [TUniServerModule]:HTTP Server Started on Port: 2425
SGSB.exe: 00000C08: 13:23:55 [TUniServerModule]:Shutting Down Server.
SGSB.exe: 00000C08: 13:23:55 [TUniServerModule]:Stopping HTTP Server.
SGSB.exe: 00000C08: 13:23:55 [TUniServerModule]:HTTP Server Stopped.
SGSB.exe: 00000C08: 13:23:55 [TUniGUISessionManager]:Terminating Session manager.
SGSB.exe: 00000C08: 13:23:55 [TUniGUISessionManager]:Stopping Cache Eraser...
SGSB.exe: 00000C08: 13:23:55 [TUniGUISessionManager]:Cache Eraser Stopped.
SGSB.exe: 00000C08: 13:23:55 [TUniGUISessionManager]:Destroying Worker Threads.
SGSB.exe: 00000C08: 13:23:55 [TUniGUISessionManager]:Session manager terminated.
SGSB.exe: 00000C08: 13:23:55 [TUniWebSocketStack]:Terminating...
SGSB.exe: 00000C08: 13:23:55 [TUniGUIMessageQ]:Terminated.
SGSB.exe: 00000C08: 13:23:55 [TUniWebSocketStack]:Terminated.
SGSB.exe: 00000C08: 13:23:56 [TUniServerModule]:Server Shutdown Completed.
SGSB.exe: 00000C08: 13:23:56 []:<-------------------------------------------------------------->
SGSB.exe: 00000C08: 13:23:56 [Terminated]:Exit Code: 0
SGSB.exe: 00000698: 13:24:01 []:>--------------------------------------------------------------<
SGSB.exe: 00000698: 13:24:01 [TUniServerModule]:Server First Init.
SGSB.exe: 00000698: 13:24:01 [TUniServerModule]:Start Path = E:\SISTEMAS_ISRAEL\SGS - Financeiro\Win32\Debug\
SGSB.exe: 00000698: 13:24:01 [TUniGUISessionManager]:Cache erase job created, Folder count: [1]
SGSB.exe: 00000698: 13:24:01 [TUniServerModule]:Starting HTTP Server on Port: 2425...
SGSB.exe: 00000698: 13:24:01 [TUniServerModule]:HTTP Server Started on Port: 2425
SGSB.exe: 00000698: 13:27:04 [TUniServerModule]:Shutting Down Server.
SGSB.exe: 00000698: 13:27:04 [TUniServerModule]:Stopping HTTP Server.
SGSB.exe: 00000698: 13:27:06 [TUniServerModule]:HTTP Server Stopped.
SGSB.exe: 00000698: 13:27:06 [TUniGUISessionManager]:Terminating Session manager.
SGSB.exe: 00000698: 13:27:06 [TUniGUISessionManager]:Stopping Cache Eraser...
SGSB.exe: 00000698: 13:27:06 [TUniGUISessionManager]:Cache Eraser Stopped.
SGSB.exe: 00000698: 13:27:06 [TUniGUISessionManager]:Destroying Worker Threads.
SGSB.exe: 00000698: 13:27:06 [TUniGUISessionManager]:Session manager terminated.
SGSB.exe: 00000698: 13:27:06 [TUniWebSocketStack]:Terminating...
SGSB.exe: 00000698: 13:27:06 [TUniGUIMessageQ]:Terminated.
SGSB.exe: 00000698: 13:27:06 [TUniWebSocketStack]:Terminated.
SGSB.exe: 00000698: 13:27:06 [TUniServerModule]:Server Shutdown Completed.
SGSB.exe: 00000698: 13:27:06 []:<-------------------------------------------------------------->
SGSB.exe: 00000698: 13:27:06 [Terminated]:Exit Code: 0
SGSB.exe: 000010C4: 13:27:12 []:>--------------------------------------------------------------<
SGSB.exe: 000010C4: 13:27:12 [TUniServerModule]:Server First Init.
SGSB.exe: 000010C4: 13:27:12 [TUniServerModule]:Start Path = E:\SISTEMAS_ISRAEL\SGS - Financeiro\Win32\Debug\
SGSB.exe: 000010C4: 13:27:12 [TUniGUISessionManager]:Cache erase job created, Folder count: [1]
SGSB.exe: 000010C4: 13:27:13 [TUniServerModule]:Starting HTTP Server on Port: 2425...
SGSB.exe: 000010C4: 13:27:13 [TUniServerModule]:HTTP Server Started on Port: 2425
SGSB.exe: 000010C4: 13:42:36 [TUniServerModule]:Shutting Down Server.
SGSB.exe: 000010C4: 13:42:36 [TUniServerModule]:Stopping HTTP Server.
SGSB.exe: 000010C4: 13:42:37 [TUniServerModule]:HTTP Server Stopped.
SGSB.exe: 000010C4: 13:42:37 [TUniGUISessionManager]:Terminating Session manager.
SGSB.exe: 000010C4: 13:42:37 [TUniGUISessionManager]:Stopping Cache Eraser...
SGSB.exe: 000010C4: 13:42:37 [TUniGUISessionManager]:Cache Eraser Stopped.
SGSB.exe: 000010C4: 13:42:37 [TUniGUISessionManager]:Destroying Worker Threads.
SGSB.exe: 000010C4: 13:42:37 [TUniGUISessionManager]:Session manager terminated.
SGSB.exe: 000010C4: 13:42:37 [TUniWebSocketStack]:Terminating...
SGSB.exe: 000010C4: 13:42:37 [TUniGUIMessageQ]:Terminated.
SGSB.exe: 000010C4: 13:42:37 [TUniWebSocketStack]:Terminated.
SGSB.exe: 000010C4: 13:42:37 [TUniServerModule]:Server Shutdown Completed.
SGSB.exe: 000010C4: 13:42:37 []:<-------------------------------------------------------------->
SGSB.exe: 000010C4: 13:42:37 [Terminated]:Exit Code: 0
SGSB.exe: 00001508: 13:43:17 []:>--------------------------------------------------------------<
SGSB.exe: 00001508: 13:43:17 [TUniServerModule]:Server First Init.
SGSB.exe: 00001508: 13:43:17 [TUniServerModule]:Start Path = E:\SISTEMAS_ISRAEL\SGS - Financeiro\Win32\Debug\
SGSB.exe: 00001508: 13:43:17 [TUniServerModule]:Debug Mode = ON
SGSB.exe: 00001508: 13:43:18 [TUniServerModule]:Starting HTTP Server on Port: 2425...
SGSB.exe: 00001508: 13:43:18 [TUniServerModule]:HTTP Server Started on Port: 2425
SGSB.exe: 00001558: 13:44:55 []:>--------------------------------------------------------------<
SGSB.exe: 00001558: 13:44:55 [TUniServerModule]:Server First Init.
SGSB.exe: 00001558: 13:44:55 [TUniServerModule]:Start Path = E:\SISTEMAS_ISRAEL\SGS - Financeiro\Win32\Debug\
SGSB.exe: 00001558: 13:44:55 [TUniServerModule]:Debug Mode = ON
SGSB.exe: 00001558: 13:44:55 [TUniGUISessionManager]:Cache erase job created, Folder count: [1]
SGSB.exe: 00001558: 13:44:55 [TUniServerModule]:Starting HTTP Server on Port: 2425...
SGSB.exe: 00001558: 13:44:55 [TUniServerModule]:HTTP Server Started on Port: 2425
SGSB.exe: 00001668: 13:45:41 []:>--------------------------------------------------------------<
SGSB.exe: 00001668: 13:45:41 [TUniServerModule]:Server First Init.
SGSB.exe: 00001668: 13:45:41 [TUniServerModule]:Start Path = E:\SISTEMAS_ISRAEL\SGS - Financeiro\Win32\Debug\
SGSB.exe: 00001668: 13:45:41 [TUniServerModule]:Debug Mode = ON
SGSB.exe: 00001668: 13:45:41 [TUniGUISessionManager]:Cache erase job created, Folder count: [1]
SGSB.exe: 00001668: 13:45:41 [TUniServerModule]:Starting HTTP Server on Port: 2425...
SGSB.exe: 00001668: 13:45:41 [TUniServerModule]:HTTP Server Started on Port: 2425
SGSB.exe: 00001668: 13:47:32 [TUniServerModule]:Shutting Down Server.
SGSB.exe: 00001668: 13:47:32 [TUniServerModule]:Stopping HTTP Server.
SGSB.exe: 00001668: 13:47:33 [TUniServerModule]:HTTP Server Stopped.
SGSB.exe: 00001668: 13:47:33 [TUniGUISessionManager]:Terminating Session manager.
SGSB.exe: 00001668: 13:47:33 [TUniGUISessionManager]:Stopping Cache Eraser...
SGSB.exe: 00001668: 13:47:33 [TUniGUISessionManager]:Cache Eraser Stopped.
SGSB.exe: 00001668: 13:47:33 [TUniGUISessionManager]:Destroying Worker Threads.
SGSB.exe: 00001668: 13:47:33 [TUniGUISessionManager]:Session manager terminated.
SGSB.exe: 00001668: 13:47:33 [TUniWebSocketStack]:Terminating...
SGSB.exe: 00001668: 13:47:33 [TUniGUIMessageQ]:Terminated.
SGSB.exe: 00001668: 13:47:33 [TUniWebSocketStack]:Terminated.
SGSB.exe: 00001668: 13:47:33 [TUniServerModule]:Server Shutdown Completed.
SGSB.exe: 00001668: 13:47:33 []:<-------------------------------------------------------------->
SGSB.exe: 00001668: 13:47:33 [Terminated]:Exit Code: 0
SGSB.exe: 00001780: 13:47:44 []:>--------------------------------------------------------------<
SGSB.exe: 00001780: 13:47:44 [TUniServerModule]:Server First Init.
SGSB.exe: 00001780: 13:47:44 [TUniServerModule]:Start Path = E:\SISTEMAS_ISRAEL\SGS - Financeiro\Win32\Debug\
SGSB.exe: 00001780: 13:47:45 [TUniServerModule]:Debug Mode = ON
SGSB.exe: 00001780: 13:47:45 [TUniGUISessionManager]:Cache erase job created, Folder count: [1]
SGSB.exe: 00001780: 13:47:45 [TUniServerModule]:Starting HTTP Server on Port: 2425...
SGSB.exe: 00001780: 13:47:45 [TUniServerModule]:HTTP Server Started on Port: 2425
SGSB.exe: 0000175C: 13:48:31 []:>--------------------------------------------------------------<
SGSB.exe: 0000175C: 13:48:31 [TUniServerModule]:Server First Init.
SGSB.exe: 0000175C: 13:48:31 [TUniServerModule]:Start Path = E:\SISTEMAS_ISRAEL\SGS - Financeiro\Win32\Debug\
SGSB.exe: 0000175C: 13:48:31 [TUniServerModule]:Debug Mode = ON
SGSB.exe: 0000175C: 13:48:31 [TUniGUISessionManager]:Cache erase job created, Folder count: [1]
SGSB.exe: 0000175C: 13:48:31 [TUniServerModule]:Starting HTTP Server on Port: 2425...
SGSB.exe: 0000175C: 13:48:31 [TUniServerModule]:HTTP Server Started on Port: 2425
SGSB.exe: 000012F4: 13:49:59 []:>--------------------------------------------------------------<
SGSB.exe: 000012F4: 13:49:59 [TUniServerModule]:Server First Init.
SGSB.exe: 000012F4: 13:49:59 [TUniServerModule]:Start Path = E:\SISTEMAS_ISRAEL\SGS - Financeiro\Win32\Debug\
SGSB.exe: 000012F4: 13:49:59 [TUniServerModule]:Debug Mode = ON
SGSB.exe: 000012F4: 13:49:59 [TUniGUISessionManager]:Cache erase job created, Folder count: [1]
SGSB.exe: 000012F4: 13:49:59 [TUniServerModule]:Starting HTTP Server on Port: 2425...
SGSB.exe: 000012F4: 13:49:59 [TUniServerModule]:HTTP Server Started on Port: 2425
SGSB.exe: 000015F8: 13:50:00 [10.0.0.158]:EUniSessionException : Invalid session or session Timeout. (Session not found: E6ol3ugjyI10F91726C ) : Addr: $007FFFD4
SGSB.exe: 000013E0: 13:50:42 []:>--------------------------------------------------------------<
SGSB.exe: 000013E0: 13:50:42 [TUniServerModule]:Server First Init.
SGSB.exe: 000013E0: 13:50:42 [TUniServerModule]:Start Path = E:\SISTEMAS_ISRAEL\SGS - Financeiro\Win32\Debug\
SGSB.exe: 000013E0: 13:50:42 [TUniServerModule]:Debug Mode = ON
SGSB.exe: 000013E0: 13:50:42 [TUniServerModule]:Starting HTTP Server on Port: 2425...
SGSB.exe: 000013E0: 13:50:42 [TUniServerModule]:HTTP Server Started on Port: 2425
SGSB.exe: 00001150: 13:51:09 []:>--------------------------------------------------------------<
SGSB.exe: 00001150: 13:51:09 [TUniServerModule]:Server First Init.
SGSB.exe: 00001150: 13:51:09 [TUniServerModule]:Start Path = E:\SISTEMAS_ISRAEL\SGS - Financeiro\Win32\Debug\
SGSB.exe: 00001150: 13:51:09 [TUniServerModule]:Debug Mode = ON
SGSB.exe: 00001150: 13:51:09 [TUniGUISessionManager]:Cache erase job created, Folder count: [1]
SGSB.exe: 00001150: 13:51:10 [TUniServerModule]:Starting HTTP Server on Port: 2425...
SGSB.exe: 00001150: 13:51:10 [TUniServerModule]:HTTP Server Started on Port: 2425
SGSB.exe: 00001460: 13:51:23 [10.0.0.158]:EDatabaseError : FDQuery1: Parameter 'id_conta' not found : Addr: $0062FFBA
SGSB.exe: 000011B4: 13:55:20 []:>--------------------------------------------------------------<
SGSB.exe: 000011B4: 13:55:20 [TUniServerModule]:Server First Init.
SGSB.exe: 000011B4: 13:55:20 [TUniServerModule]:Start Path = E:\SISTEMAS_ISRAEL\SGS - Financeiro\Win32\Debug\
SGSB.exe: 000011B4: 13:55:20 [TUniServerModule]:Debug Mode = ON
SGSB.exe: 000011B4: 13:55:20 [TUniGUISessionManager]:Cache erase job created, Folder count: [1]
SGSB.exe: 000011B4: 13:55:21 [TUniServerModule]:Starting HTTP Server on Port: 2425...
SGSB.exe: 000011B4: 13:55:21 [TUniServerModule]:HTTP Server Started on Port: 2425
SGSB.exe: 000010AC: 13:55:21 [10.0.0.158]:EUniSessionException : Invalid session or session Timeout. (Session not found: V6GOIwOUAk10F917318 ) : Addr: $007FFFD4
SGSB.exe: 000014B4: 13:55:46 [10.0.0.158]:EDatabaseError : FDQuery1: Parameter 'id_conta' not found : Addr: $0062FFBA
SGSB.exe: 000003C4: 13:56:18 [10.0.0.158]:EDatabaseError : FDQuery1: Parameter 'id_conta' not found : Addr: $0062FFBA
SGSB.exe: 00000CDC: 13:56:53 []:>--------------------------------------------------------------<
SGSB.exe: 00000CDC: 13:56:53 [TUniServerModule]:Server First Init.
SGSB.exe: 00000CDC: 13:56:53 [TUniServerModule]:Start Path = E:\SISTEMAS_ISRAEL\SGS - Financeiro\Win32\Debug\
SGSB.exe: 00000CDC: 13:56:53 [TUniServerModule]:Debug Mode = ON
SGSB.exe: 00000CDC: 13:56:53 [TUniGUISessionManager]:Cache erase job created, Folder count: [1]
SGSB.exe: 00000CDC: 13:56:53 [TUniServerModule]:Starting HTTP Server on Port: 2425...
SGSB.exe: 00000CDC: 13:56:53 [TUniServerModule]:HTTP Server Started on Port: 2425
SGSB.exe: 000010C4: 13:57:12 [10.0.0.158]:EOCINativeException : [FireDAC][Phys][Ora] ORA-00001: unique constraint (CONSINCO.SYS_C00237063) violated : Addr: $0080908A
SGSB.exe: 000004D4: 13:57:38 [10.0.0.158]:EOCINativeException : [FireDAC][Phys][Ora] ORA-00001: unique constraint (CONSINCO.SYS_C00237063) violated : Addr: $0080908A
SGSB.exe: 00000AA4: 13:58:23 []:>--------------------------------------------------------------<
SGSB.exe: 00000AA4: 13:58:23 [TUniServerModule]:Server First Init.
SGSB.exe: 00000AA4: 13:58:23 [TUniServerModule]:Start Path = E:\SISTEMAS_ISRAEL\SGS - Financeiro\Win32\Debug\
SGSB.exe: 00000AA4: 13:58:23 [TUniServerModule]:Debug Mode = ON
SGSB.exe: 00000AA4: 13:58:23 [TUniGUISessionManager]:Cache erase job created, Folder count: [1]
SGSB.exe: 00000AA4: 13:58:23 [TUniServerModule]:Starting HTTP Server on Port: 2425...
SGSB.exe: 00000AA4: 13:58:23 [TUniServerModule]:HTTP Server Started on Port: 2425
SGSB.exe: 000010F4: 13:58:45 [10.0.0.158]:EOCINativeException : [FireDAC][Phys][Ora] ORA-00001: unique constraint (CONSINCO.SYS_C00237063) violated : Addr: $0080908A
SGSB.exe: 00000678: 13:59:25 []:>--------------------------------------------------------------<
SGSB.exe: 00000678: 13:59:25 [TUniServerModule]:Server First Init.
SGSB.exe: 00000678: 13:59:25 [TUniServerModule]:Start Path = E:\SISTEMAS_ISRAEL\SGS - Financeiro\Win32\Debug\
SGSB.exe: 00000678: 13:59:25 [TUniServerModule]:Debug Mode = ON
SGSB.exe: 00000678: 13:59:25 [TUniGUISessionManager]:Cache erase job created, Folder count: [1]
SGSB.exe: 00000678: 13:59:25 [TUniServerModule]:Starting HTTP Server on Port: 2425...
SGSB.exe: 00000678: 13:59:25 [TUniServerModule]:HTTP Server Started on Port: 2425
SGSB.exe: 00000314: 14:01:24 []:>--------------------------------------------------------------<
SGSB.exe: 00000314: 14:01:24 [TUniServerModule]:Server First Init.
SGSB.exe: 00000314: 14:01:24 [TUniServerModule]:Start Path = E:\SISTEMAS_ISRAEL\SGS - Financeiro\Win32\Debug\
SGSB.exe: 00000314: 14:01:24 [TUniServerModule]:Debug Mode = ON
SGSB.exe: 00000314: 14:01:24 [TUniGUISessionManager]:Cache erase job created, Folder count: [1]
SGSB.exe: 00000314: 14:01:24 [TUniServerModule]:Starting HTTP Server on Port: 2425...
SGSB.exe: 00000314: 14:01:24 [TUniServerModule]:HTTP Server Started on Port: 2425
SGSB.exe: 00000BB0: 14:02:30 [10.0.0.158]:EOCINativeException : [FireDAC][Phys][Ora] ORA-00933: SQL command not properly ended : Addr: $0080908A
SGSB.exe: 00001358: 14:03:23 []:>--------------------------------------------------------------<
SGSB.exe: 00001358: 14:03:23 [TUniServerModule]:Server First Init.
SGSB.exe: 00001358: 14:03:23 [TUniServerModule]:Start Path = E:\SISTEMAS_ISRAEL\SGS - Financeiro\Win32\Debug\
SGSB.exe: 00001358: 14:03:23 [TUniServerModule]:Debug Mode = ON
SGSB.exe: 00001358: 14:03:23 [TUniGUISessionManager]:Cache erase job created, Folder count: [1]
SGSB.exe: 00001358: 14:03:23 [TUniServerModule]:Starting HTTP Server on Port: 2425...
SGSB.exe: 00001358: 14:03:23 [TUniServerModule]:HTTP Server Started on Port: 2425
SGSB.exe: 000010E4: 14:05:23 []:>--------------------------------------------------------------<
SGSB.exe: 000010E4: 14:05:23 [TUniServerModule]:Server First Init.
SGSB.exe: 000010E4: 14:05:23 [TUniServerModule]:Start Path = E:\SISTEMAS_ISRAEL\SGS - Financeiro\Win32\Debug\
SGSB.exe: 000010E4: 14:05:23 [TUniServerModule]:Debug Mode = ON
SGSB.exe: 000010E4: 14:05:23 [TUniGUISessionManager]:Cache erase job created, Folder count: [1]
SGSB.exe: 000010E4: 14:05:23 [TUniServerModule]:Starting HTTP Server on Port: 2425...
SGSB.exe: 000010E4: 14:05:23 [TUniServerModule]:HTTP Server Started on Port: 2425
SGSB.exe: 00000888: 14:05:39 [10.0.0.158]:EOCINativeException : [FireDAC][Phys][Ora] ORA-00001: unique constraint (CONSINCO.SYS_C00237063) violated : Addr: $0080908A
SGSB.exe: 00000058: 14:07:06 [10.0.0.158]:EOCINativeException : [FireDAC][Phys][Ora] ORA-00001: unique constraint (CONSINCO.SYS_C00237063) violated : Addr: $0080908A
SGSB.exe: 000009B0: 14:27:29 []:>--------------------------------------------------------------<
SGSB.exe: 000009B0: 14:27:29 [TUniServerModule]:Server First Init.
SGSB.exe: 000009B0: 14:27:29 [TUniServerModule]:Start Path = E:\SISTEMAS_ISRAEL\SGS - Financeiro\Win32\Debug\
SGSB.exe: 000009B0: 14:27:29 [TUniServerModule]:Debug Mode = ON
SGSB.exe: 000009B0: 14:27:29 [TUniGUISessionManager]:Cache erase job created, Folder count: [1]
SGSB.exe: 000009B0: 14:27:30 [TUniServerModule]:Starting HTTP Server on Port: 2425...
SGSB.exe: 000009B0: 14:27:30 [TUniServerModule]:HTTP Server Started on Port: 2425
SGSB.exe: 000012F0: 14:27:30 [10.0.0.158]:EUniSessionException : Invalid session or session Timeout. (Session not found: o8A47WKlYK10F9176FA ) : Addr: $007FFFD4
SGSB.exe: 00000D00: 14:29:04 []:>--------------------------------------------------------------<
SGSB.exe: 00000D00: 14:29:04 [TUniServerModule]:Server First Init.
SGSB.exe: 00000D00: 14:29:04 [TUniServerModule]:Start Path = E:\SISTEMAS_ISRAEL\SGS - Financeiro\Win32\Debug\
SGSB.exe: 00000D00: 14:29:04 [TUniServerModule]:Debug Mode = ON
SGSB.exe: 00000D00: 14:29:04 [TUniGUISessionManager]:Cache erase job created, Folder count: [1]
SGSB.exe: 00000D00: 14:29:04 [TUniServerModule]:Starting HTTP Server on Port: 2425...
SGSB.exe: 00000D00: 14:29:04 [TUniServerModule]:HTTP Server Started on Port: 2425
SGSB.exe: 0000176C: 14:29:37 []:>--------------------------------------------------------------<
SGSB.exe: 0000176C: 14:29:37 [TUniServerModule]:Server First Init.
SGSB.exe: 0000176C: 14:29:37 [TUniServerModule]:Start Path = E:\SISTEMAS_ISRAEL\SGS - Financeiro\Win32\Debug\
SGSB.exe: 0000176C: 14:29:37 [TUniServerModule]:Debug Mode = ON
SGSB.exe: 0000176C: 14:29:37 [TUniGUISessionManager]:Cache erase job created, Folder count: [1]
SGSB.exe: 0000176C: 14:29:37 [TUniServerModule]:Starting HTTP Server on Port: 2425...
SGSB.exe: 0000176C: 14:29:37 [TUniServerModule]:HTTP Server Started on Port: 2425
SGSB.exe: 000014F4: 14:29:55 [10.0.0.158]:EOCINativeException : [FireDAC][Phys][Ora] ORA-00904: "SALDO": invalid identifier : Addr: $0080908A
SGSB.exe: 00000610: 14:30:06 [10.0.0.158]:EConvertError : '' is not a valid floating point value : Addr: $0042630E
SGSB.exe: 00000AB4: 14:30:12 [10.0.0.158]:EOCINativeException : [FireDAC][Phys][Ora] ORA-00933: SQL command not properly ended : Addr: $0080908A
SGSB.exe: 00000A1C: 14:31:49 []:>--------------------------------------------------------------<
SGSB.exe: 00000A1C: 14:31:49 [TUniServerModule]:Server First Init.
SGSB.exe: 00000A1C: 14:31:49 [TUniServerModule]:Start Path = E:\SISTEMAS_ISRAEL\SGS - Financeiro\Win32\Debug\
SGSB.exe: 00000A1C: 14:31:49 [TUniServerModule]:Debug Mode = ON
SGSB.exe: 00000A1C: 14:31:49 [TUniGUISessionManager]:Cache erase job created, Folder count: [1]
SGSB.exe: 00000A1C: 14:31:49 [TUniServerModule]:Starting HTTP Server on Port: 2425...
SGSB.exe: 00000A1C: 14:31:49 [TUniServerModule]:HTTP Server Started on Port: 2425
SGSB.exe: 00000D1C: 14:32:03 [10.0.0.158]:EOCINativeException : [FireDAC][Phys][Ora] ORA-00904: "SALDO": invalid identifier : Addr: $0080908A
SGSB.exe: 00001558: 14:32:47 []:>--------------------------------------------------------------<
SGSB.exe: 00001558: 14:32:47 [TUniServerModule]:Server First Init.
SGSB.exe: 00001558: 14:32:47 [TUniServerModule]:Start Path = E:\SISTEMAS_ISRAEL\SGS - Financeiro\Win32\Debug\
SGSB.exe: 00001558: 14:32:47 [TUniServerModule]:Debug Mode = ON
SGSB.exe: 00001558: 14:32:47 [TUniGUISessionManager]:Cache erase job created, Folder count: [1]
SGSB.exe: 00001558: 14:32:47 [TUniServerModule]:Starting HTTP Server on Port: 2425...
SGSB.exe: 00001558: 14:32:47 [TUniServerModule]:HTTP Server Started on Port: 2425
SGSB.exe: 000001DC: 14:32:56 [10.0.0.158]:EFDException : [FireDAC][Phys][Ora]-335. Parameter [PARAM_SALDO] data type is unknown. Hint: specify TFDParam.DataType or assign TFDParam value before Prepare/Execute call : Addr: $0080908A
SGSB.exe: 00001784: 14:33:19 []:>--------------------------------------------------------------<
SGSB.exe: 00001784: 14:33:19 [TUniServerModule]:Server First Init.
SGSB.exe: 00001784: 14:33:19 [TUniServerModule]:Start Path = E:\SISTEMAS_ISRAEL\SGS - Financeiro\Win32\Debug\
SGSB.exe: 00001784: 14:33:19 [TUniServerModule]:Debug Mode = ON
SGSB.exe: 00001784: 14:33:19 [TUniGUISessionManager]:Cache erase job created, Folder count: [1]
SGSB.exe: 00001784: 14:33:19 [TUniServerModule]:Starting HTTP Server on Port: 2425...
SGSB.exe: 00001784: 14:33:20 [TUniServerModule]:HTTP Server Started on Port: 2425
SGSB.exe: 00000320: 14:33:30 [10.0.0.158]:EOCINativeException : [FireDAC][Phys][Ora] ORA-00904: "DATA_LANCAMENTO": invalid identifier : Addr: $0080908A
SGSB.exe: 000016B0: 14:36:16 []:>--------------------------------------------------------------<
SGSB.exe: 000016B0: 14:36:16 [TUniServerModule]:Server First Init.
SGSB.exe: 000016B0: 14:36:16 [TUniServerModule]:Start Path = E:\SISTEMAS_ISRAEL\SGS - Financeiro\Win32\Debug\
SGSB.exe: 000016B0: 14:36:16 [TUniServerModule]:Debug Mode = ON
SGSB.exe: 000016B0: 14:36:16 [TUniGUISessionManager]:Cache erase job created, Folder count: [1]
SGSB.exe: 000016B0: 14:36:16 [TUniServerModule]:Starting HTTP Server on Port: 2425...
SGSB.exe: 000016B0: 14:36:16 [TUniServerModule]:HTTP Server Started on Port: 2425
SGSB.exe: 00000E14: 14:36:25 [10.0.0.158]:EOCINativeException : [FireDAC][Phys][Ora] ORA-00904: "DATA_LANCAMENTO": invalid identifier : Addr: $0080908A
SGSB.exe: 00000888: 14:36:48 [10.0.0.158]:EOCINativeException : [FireDAC][Phys][Ora] ORA-00933: SQL command not properly ended : Addr: $0080908A
SGSB.exe: 000017E4: 14:38:04 []:>--------------------------------------------------------------<
SGSB.exe: 000017E4: 14:38:04 [TUniServerModule]:Server First Init.
SGSB.exe: 000017E4: 14:38:04 [TUniServerModule]:Start Path = E:\SISTEMAS_ISRAEL\SGS - Financeiro\Win32\Debug\
SGSB.exe: 000017E4: 14:38:04 [TUniServerModule]:Debug Mode = ON
SGSB.exe: 000017E4: 14:38:04 [TUniGUISessionManager]:Cache erase job created, Folder count: [1]
SGSB.exe: 000017E4: 14:38:04 [TUniServerModule]:Starting HTTP Server on Port: 2425...
SGSB.exe: 000017E4: 14:38:04 [TUniServerModule]:HTTP Server Started on Port: 2425
SGSB.exe: 00000F94: 14:38:14 [10.0.0.158]:EUniSessionException : Invalid session or session Timeout. (Session not found: tsssh28g4b10F917F55 ) : Addr: $007FFFD4
SGSB.exe: 0000148C: 14:38:22 [10.0.0.158]:EOCINativeException : [FireDAC][Phys][Ora] ORA-00933: SQL command not properly ended : Addr: $0080908A
SGSB.exe: 00000E20: 14:41:32 []:>--------------------------------------------------------------<
SGSB.exe: 00000E20: 14:41:32 [TUniServerModule]:Server First Init.
SGSB.exe: 00000E20: 14:41:32 [TUniServerModule]:Start Path = E:\SISTEMAS_ISRAEL\SGS - Financeiro\Win32\Debug\
SGSB.exe: 00000E20: 14:41:32 [TUniServerModule]:Debug Mode = ON
SGSB.exe: 00000E20: 14:41:32 [TUniGUISessionManager]:Cache erase job created, Folder count: [1]
SGSB.exe: 00000E20: 14:41:32 [TUniServerModule]:Starting HTTP Server on Port: 2425...
SGSB.exe: 00000E20: 14:41:32 [TUniServerModule]:HTTP Server Started on Port: 2425
SGSB.exe: 00000600: 14:42:30 [10.0.0.158]:EOCINativeException : [FireDAC][Phys][Ora] ORA-00933: SQL command not properly ended : Addr: $0080908A
SGSB.exe: 000013B8: 14:42:41 [10.0.0.158]:EOCINativeException : [FireDAC][Phys][Ora] ORA-00933: SQL command not properly ended : Addr: $0080908A
SGSB.exe: 00000C9C: 14:43:28 [10.0.0.158]:EOCINativeException : [FireDAC][Phys][Ora] ORA-00933: SQL command not properly ended : Addr: $0080908A
SGSB.exe: 00000B64: 14:46:20 []:>--------------------------------------------------------------<
SGSB.exe: 00000B64: 14:46:20 [TUniServerModule]:Server First Init.
SGSB.exe: 00000B64: 14:46:20 [TUniServerModule]:Start Path = E:\SISTEMAS_ISRAEL\SGS - Financeiro\Win32\Debug\
SGSB.exe: 00000B64: 14:46:20 [TUniServerModule]:Debug Mode = ON
SGSB.exe: 00000B64: 14:46:20 [TUniGUISessionManager]:Cache erase job created, Folder count: [1]
SGSB.exe: 00000B64: 14:46:20 [TUniServerModule]:Starting HTTP Server on Port: 2425...
SGSB.exe: 00000B64: 14:46:20 [TUniServerModule]:HTTP Server Started on Port: 2425
SGSB.exe: 000015AC: 14:46:48 [10.0.0.158]:EOCINativeException : [FireDAC][Phys][Ora] ORA-00933: SQL command not properly ended : Addr: $0080908A
SGSB.exe: 0000025C: 14:47:19 []:>--------------------------------------------------------------<
SGSB.exe: 0000025C: 14:47:19 [TUniServerModule]:Server First Init.
SGSB.exe: 0000025C: 14:47:19 [TUniServerModule]:Start Path = E:\SISTEMAS_ISRAEL\SGS - Financeiro\Win32\Debug\
SGSB.exe: 0000025C: 14:47:19 [TUniServerModule]:Debug Mode = ON
SGSB.exe: 0000025C: 14:47:19 [TUniGUISessionManager]:Cache erase job created, Folder count: [1]
SGSB.exe: 0000025C: 14:47:19 [TUniServerModule]:Starting HTTP Server on Port: 2425...
SGSB.exe: 0000025C: 14:47:19 [TUniServerModule]:HTTP Server Started on Port: 2425
SGSB.exe: 000017DC: 14:47:34 [10.0.0.158]:EOCINativeException : [FireDAC][Phys][Ora] ORA-00933: SQL command not properly ended : Addr: $0080908A
SGSB.exe: 00000BAC: 14:48:31 []:>--------------------------------------------------------------<
SGSB.exe: 00000BAC: 14:48:31 [TUniServerModule]:Server First Init.
SGSB.exe: 00000BAC: 14:48:31 [TUniServerModule]:Start Path = E:\SISTEMAS_ISRAEL\SGS - Financeiro\Win32\Debug\
SGSB.exe: 00000BAC: 14:48:31 [TUniServerModule]:Debug Mode = ON
SGSB.exe: 00000BAC: 14:48:31 [TUniGUISessionManager]:Cache erase job created, Folder count: [1]
SGSB.exe: 00000BAC: 14:48:31 [TUniServerModule]:Starting HTTP Server on Port: 2425...
SGSB.exe: 00000BAC: 14:48:31 [TUniServerModule]:HTTP Server Started on Port: 2425
SGSB.exe: 00001254: 14:48:42 [10.0.0.158]:EDatabaseError : FDQuery1a: Parameter 'param_id_conta' not found : Addr: $0062FFBA
SGSB.exe: 00000894: 14:48:53 [10.0.0.158]:EConvertError : '' is not a valid floating point value : Addr: $0042630E
SGSB.exe: 00000F0C: 14:50:49 []:>--------------------------------------------------------------<
SGSB.exe: 00000F0C: 14:50:49 [TUniServerModule]:Server First Init.
SGSB.exe: 00000F0C: 14:50:49 [TUniServerModule]:Start Path = E:\SISTEMAS_ISRAEL\SGS - Financeiro\Win32\Debug\
SGSB.exe: 00000F0C: 14:50:49 [TUniServerModule]:Debug Mode = ON
SGSB.exe: 00000F0C: 14:50:49 [TUniGUISessionManager]:Cache erase job created, Folder count: [1]
SGSB.exe: 00000F0C: 14:50:50 [TUniServerModule]:Starting HTTP Server on Port: 2425...
SGSB.exe: 00000F0C: 14:50:50 [TUniServerModule]:HTTP Server Started on Port: 2425
SGSB.exe: 000004C4: 14:51:51 []:>--------------------------------------------------------------<
SGSB.exe: 000004C4: 14:51:51 [TUniServerModule]:Server First Init.
SGSB.exe: 000004C4: 14:51:51 [TUniServerModule]:Start Path = E:\SISTEMAS_ISRAEL\SGS - Financeiro\Win32\Debug\
SGSB.exe: 000004C4: 14:51:51 [TUniServerModule]:Debug Mode = ON
SGSB.exe: 000004C4: 14:51:51 [TUniGUISessionManager]:Cache erase job created, Folder count: [1]
SGSB.exe: 000004C4: 14:51:51 [TUniServerModule]:Starting HTTP Server on Port: 2425...
SGSB.exe: 000004C4: 14:51:51 [TUniServerModule]:HTTP Server Started on Port: 2425
SGSB.exe: 00000E88: 14:51:55 [10.0.0.158]:EUniSessionException : Invalid session or session Timeout. (Session not found: v6WHiEEoUL10F918348 ) : Addr: $007FFFD4
SGSB.exe: 000008B4: 14:52:10 [10.0.0.158]:EOCINativeException : [FireDAC][Phys][Ora] ORA-00933: SQL command not properly ended : Addr: $0080908A
SGSB.exe: 00001788: 14:53:02 [10.0.0.158]:EOCINativeException : [FireDAC][Phys][Ora] ORA-00933: SQL command not properly ended : Addr: $0080908A
SGSB.exe: 00001634: 14:53:59 [10.0.0.158]:EOCINativeException : [FireDAC][Phys][Ora] ORA-00933: SQL command not properly ended : Addr: $0080908A
SGSB.exe: 00000EB8: 14:55:31 []:>--------------------------------------------------------------<
SGSB.exe: 00000EB8: 14:55:31 [TUniServerModule]:Server First Init.
SGSB.exe: 00000EB8: 14:55:31 [TUniServerModule]:Start Path = E:\SISTEMAS_ISRAEL\SGS - Financeiro\Win32\Debug\
SGSB.exe: 00000EB8: 14:55:31 [TUniServerModule]:Debug Mode = ON
SGSB.exe: 00000EB8: 14:55:31 [TUniGUISessionManager]:Cache erase job created, Folder count: [1]
SGSB.exe: 00000EB8: 14:55:32 [TUniServerModule]:Starting HTTP Server on Port: 2425...
SGSB.exe: 00000EB8: 14:55:32 [TUniServerModule]:HTTP Server Started on Port: 2425
SGSB.exe: 00000A50: 14:55:54 [10.0.0.158]:EConvertError : '' is not a valid floating point value : Addr: $0042630E
SGSB.exe: 00000BB4: 15:02:24 []:>--------------------------------------------------------------<
SGSB.exe: 00000BB4: 15:02:24 [TUniServerModule]:Server First Init.
SGSB.exe: 00000BB4: 15:02:24 [TUniServerModule]:Start Path = E:\SISTEMAS_ISRAEL\SGS - Financeiro\Win32\Debug\
SGSB.exe: 00000BB4: 15:02:24 [TUniServerModule]:Debug Mode = ON
SGSB.exe: 00000BB4: 15:02:24 [TUniGUISessionManager]:Cache erase job created, Folder count: [2]
SGSB.exe: 00000BB4: 15:02:24 [TUniServerModule]:Starting HTTP Server on Port: 2425...
SGSB.exe: 00000BB4: 15:02:25 [TUniServerModule]:HTTP Server Started on Port: 2425
SGSB.exe: 00000AA4: 15:03:44 []:>--------------------------------------------------------------<
SGSB.exe: 00000AA4: 15:03:44 [TUniServerModule]:Server First Init.
SGSB.exe: 00000AA4: 15:03:44 [TUniServerModule]:Start Path = E:\SISTEMAS_ISRAEL\SGS - Financeiro\Win32\Debug\
SGSB.exe: 00000AA4: 15:03:44 [TUniServerModule]:Debug Mode = ON
SGSB.exe: 00000AA4: 15:03:44 [TUniGUISessionManager]:Cache erase job created, Folder count: [1]
SGSB.exe: 00000AA4: 15:03:44 [TUniServerModule]:Starting HTTP Server on Port: 2425...
SGSB.exe: 00000AA4: 15:03:44 [TUniServerModule]:HTTP Server Started on Port: 2425
SGSB.exe: 00000838: 15:03:55 [10.0.0.158]:EFDException : [FireDAC][Phys][Ora]-335. Parameter [PARAM_SALDO] data type is unknown. Hint: specify TFDParam.DataType or assign TFDParam value before Prepare/Execute call : Addr: $0080908A
SGSB.exe: 000014E0: 15:04:25 []:>--------------------------------------------------------------<
SGSB.exe: 000014E0: 15:04:25 [TUniServerModule]:Server First Init.
SGSB.exe: 000014E0: 15:04:25 [TUniServerModule]:Start Path = E:\SISTEMAS_ISRAEL\SGS - Financeiro\Win32\Debug\
SGSB.exe: 000014E0: 15:04:25 [TUniServerModule]:Debug Mode = ON
SGSB.exe: 000014E0: 15:04:25 [TUniGUISessionManager]:Cache erase job created, Folder count: [1]
SGSB.exe: 000014E0: 15:04:26 [TUniServerModule]:Starting HTTP Server on Port: 2425...
SGSB.exe: 000014E0: 15:04:26 [TUniServerModule]:HTTP Server Started on Port: 2425
SGSB.exe: 00000FB4: 15:04:39 [10.0.0.158]:EUniSessionException : Invalid session or session Timeout. (Session not found: rwTQl2YgDb10F9186C9 ) : Addr: $007FFFD4
SGSB.exe: 0000133C: 15:13:17 []:>--------------------------------------------------------------<
SGSB.exe: 0000133C: 15:13:17 [TUniServerModule]:Server First Init.
SGSB.exe: 0000133C: 15:13:17 [TUniServerModule]:Start Path = E:\SISTEMAS_ISRAEL\SGS - Financeiro\Win32\Debug\
SGSB.exe: 0000133C: 15:13:17 [TUniServerModule]:Debug Mode = ON
SGSB.exe: 0000133C: 15:13:17 [TUniGUISessionManager]:Cache erase job created, Folder count: [1]
SGSB.exe: 0000133C: 15:13:17 [TUniServerModule]:Starting HTTP Server on Port: 2425...
SGSB.exe: 0000133C: 15:13:17 [TUniServerModule]:HTTP Server Started on Port: 2425
SGSB.exe: 00000AA0: 15:15:03 []:>--------------------------------------------------------------<
SGSB.exe: 00000AA0: 15:15:03 [TUniServerModule]:Server First Init.
SGSB.exe: 00000AA0: 15:15:03 [TUniServerModule]:Start Path = E:\SISTEMAS_ISRAEL\SGS - Financeiro\Win32\Debug\
SGSB.exe: 00000AA0: 15:15:03 [TUniServerModule]:Debug Mode = ON
SGSB.exe: 00000AA0: 15:15:03 [TUniGUISessionManager]:Cache erase job created, Folder count: [2]
SGSB.exe: 00000AA0: 15:15:03 [TUniServerModule]:Starting HTTP Server on Port: 2425...
SGSB.exe: 00000AA0: 15:15:04 [TUniServerModule]:HTTP Server Started on Port: 2425
SGSB.exe: 0000061C: 15:16:25 []:>--------------------------------------------------------------<
SGSB.exe: 0000061C: 15:16:25 [TUniServerModule]:Server First Init.
SGSB.exe: 0000061C: 15:16:25 [TUniServerModule]:Start Path = E:\SISTEMAS_ISRAEL\SGS - Financeiro\Win32\Debug\
SGSB.exe: 0000061C: 15:16:25 [TUniServerModule]:Debug Mode = ON
SGSB.exe: 0000061C: 15:16:25 [TUniGUISessionManager]:Cache erase job created, Folder count: [2]
SGSB.exe: 0000061C: 15:16:25 [TUniServerModule]:Starting HTTP Server on Port: 2425...
SGSB.exe: 0000061C: 15:16:25 [TUniServerModule]:HTTP Server Started on Port: 2425
SGSB.exe: 0000150C: 15:19:27 []:>--------------------------------------------------------------<
SGSB.exe: 0000150C: 15:19:27 [TUniServerModule]:Server First Init.
SGSB.exe: 0000150C: 15:19:27 [TUniServerModule]:Start Path = E:\SISTEMAS_ISRAEL\SGS - Financeiro\Win32\Debug\
SGSB.exe: 0000150C: 15:19:27 [TUniServerModule]:Debug Mode = ON
SGSB.exe: 0000150C: 15:19:27 [TUniGUISessionManager]:Cache erase job created, Folder count: [1]
SGSB.exe: 0000150C: 15:19:27 [TUniServerModule]:Starting HTTP Server on Port: 2425...
SGSB.exe: 0000150C: 15:19:27 [TUniServerModule]:HTTP Server Started on Port: 2425
SGSB.exe: 00001270: 15:19:30 [10.0.0.158]:EUniSessionException : Invalid session or session Timeout. (Session not found: Jl41lVXOXn10F918AC0 ) : Addr: $007FFFD4
SGSB.exe: 000013B8: 15:21:39 []:>--------------------------------------------------------------<
SGSB.exe: 000013B8: 15:21:39 [TUniServerModule]:Server First Init.
SGSB.exe: 000013B8: 15:21:39 [TUniServerModule]:Start Path = E:\SISTEMAS_ISRAEL\SGS - Financeiro\Win32\Debug\
SGSB.exe: 000013B8: 15:21:39 [TUniServerModule]:Debug Mode = ON
SGSB.exe: 000013B8: 15:21:39 [TUniGUISessionManager]:Cache erase job created, Folder count: [1]
SGSB.exe: 000013B8: 15:21:39 [TUniServerModule]:Starting HTTP Server on Port: 2425...
SGSB.exe: 000013B8: 15:21:39 [TUniServerModule]:HTTP Server Started on Port: 2425
SGSB.exe: 00000058: 15:26:31 []:>--------------------------------------------------------------<
SGSB.exe: 00000058: 15:26:31 [TUniServerModule]:Server First Init.
SGSB.exe: 00000058: 15:26:31 [TUniServerModule]:Start Path = E:\SISTEMAS_ISRAEL\SGS - Financeiro\Win32\Debug\
SGSB.exe: 00000058: 15:26:31 [TUniServerModule]:Debug Mode = ON
SGSB.exe: 00000058: 15:26:31 [TUniGUISessionManager]:Cache erase job created, Folder count: [1]
SGSB.exe: 00000058: 15:26:31 [TUniServerModule]:Starting HTTP Server on Port: 2425...
SGSB.exe: 00000058: 15:26:31 [TUniServerModule]:HTTP Server Started on Port: 2425
SGSB.exe: 00000678: 15:27:47 []:>--------------------------------------------------------------<
SGSB.exe: 00000678: 15:27:47 [TUniServerModule]:Server First Init.
SGSB.exe: 00000678: 15:27:48 [TUniServerModule]:Start Path = E:\SISTEMAS_ISRAEL\SGS - Financeiro\Win32\Debug\
SGSB.exe: 00000678: 15:27:48 [TUniGUISessionManager]:Cache erase job created, Folder count: [1]
SGSB.exe: 00000678: 15:27:48 [TUniServerModule]:Starting HTTP Server on Port: 2425...
SGSB.exe: 00000678: 15:27:48 [TUniServerModule]:HTTP Server Started on Port: 2425
SGSB.exe: 0000154C: 15:27:48 [10.0.0.158]:EUniSessionException : Invalid session or session Timeout. (Session not found: mf7xn3mlNH10F918CF8 ) : Addr: $008005A0
SGSB.exe: 0000179C: 15:27:50 [10.0.0.158]:EUniSessionException : Invalid session or session Timeout. (Session not found: mf7xn3mlNH10F918CF8 ) : Addr: $008005A0
SGSB.exe: 0000179C: 15:27:50 [10.0.0.158]:EUniSessionException : Invalid session or session Timeout. (Session not found: mf7xn3mlNH10F918CF8 ) : Addr: $008005A0
SGSB.exe: 0000179C: 15:27:50 [10.0.0.158]:EUniSessionException : Invalid session or session Timeout. (Session not found: mf7xn3mlNH10F918CF8 ) : Addr: $008005A0
SGSB.exe: 0000179C: 15:27:50 [10.0.0.158]:EUniSessionException : Invalid session or session Timeout. (Session not found: mf7xn3mlNH10F918CF8 ) : Addr: $008005A0
SGSB.exe: 0000154C: 15:28:11 [10.0.0.158]:EUniSessionException : Invalid session or session Timeout. (Session not found: 6HCy1dGPpY10F914EFE ) : Addr: $008005A0
SGSB.exe: 000014CC: 15:28:11 [10.0.0.158]:EUniSessionException : Invalid session or session Timeout. (Session not found: 8LijC9SrgW10F91484B ) : Addr: $008005A0
SGSB.exe: 000002E4: 16:27:42 [10.0.0.158]:EUniSessionException : Invalid session or session Timeout. (Session not found: nAROlIKqXA10F918D72 ) : Addr: $008005A0
SGSB.exe: 00000678: 16:36:28 [TUniServerModule]:Shutting Down Server.
SGSB.exe: 00000678: 16:36:28 [TUniServerModule]:Stopping HTTP Server.
SGSB.exe: 00000678: 16:36:29 [TUniServerModule]:HTTP Server Stopped.
SGSB.exe: 00000678: 16:36:29 [TUniGUISessionManager]:Terminating Session manager.
SGSB.exe: 00000678: 16:36:29 [TUniGUISessionManager]:Stopping Cache Eraser...
SGSB.exe: 00000678: 16:36:29 [TUniGUISessionManager]:Cache Eraser Stopped.
SGSB.exe: 00000678: 16:36:29 [TUniGUISessionManager]:Destroying Worker Threads.
SGSB.exe: 00000678: 16:36:29 [TUniGUISessionManager]:Session manager terminated.
SGSB.exe: 00000678: 16:36:29 [TUniWebSocketStack]:Terminating...
SGSB.exe: 00000678: 16:36:29 [TUniGUIMessageQ]:Terminated.
SGSB.exe: 00000678: 16:36:29 [TUniWebSocketStack]:Terminated.
SGSB.exe: 00000678: 16:36:29 [TUniServerModule]:Server Shutdown Completed.
SGSB.exe: 00000678: 16:36:29 []:<-------------------------------------------------------------->
SGSB.exe: 00000678: 16:36:29 [Terminated]:Exit Code: 0
SGSB.exe: 00000BBC: 16:36:37 []:>--------------------------------------------------------------<
SGSB.exe: 00000BBC: 16:36:37 [TUniServerModule]:Server First Init.
SGSB.exe: 00000BBC: 16:36:37 [TUniServerModule]:Start Path = E:\SISTEMAS_ISRAEL\SGS - Financeiro\Win32\Debug\
SGSB.exe: 00000BBC: 16:36:37 [TUniServerModule]:Debug Mode = ON
SGSB.exe: 00000BBC: 16:36:37 [TUniGUISessionManager]:Cache erase job created, Folder count: [1]
SGSB.exe: 00000BBC: 16:36:37 [TUniServerModule]:Starting HTTP Server on Port: 2425...
SGSB.exe: 00000BBC: 16:36:37 [TUniServerModule]:HTTP Server Started on Port: 2425
SGSB.exe: 0000101C: 16:36:41 [10.0.0.158]:EUniSessionException : Invalid session or session Timeout. (Session not found: bVx8kM2fty10F919DA9 ) : Addr: $008005A0
SGSB.exe: 00000BBC: 16:39:16 [TUniServerModule]:Shutting Down Server.
SGSB.exe: 00000BBC: 16:39:16 [TUniServerModule]:Stopping HTTP Server.
SGSB.exe: 00000BBC: 16:39:17 [TUniServerModule]:HTTP Server Stopped.
SGSB.exe: 00000BBC: 16:39:17 [TUniGUISessionManager]:Terminating Session manager.
SGSB.exe: 00000BBC: 16:39:17 [TUniGUISessionManager]:Stopping Cache Eraser...
SGSB.exe: 00000BBC: 16:39:17 [TUniGUISessionManager]:Cache Eraser Stopped.
SGSB.exe: 00000BBC: 16:39:17 [TUniGUISessionManager]:Destroying Worker Threads.
SGSB.exe: 00000BBC: 16:39:17 [TUniGUISessionManager]:Session manager terminated.
SGSB.exe: 00000BBC: 16:39:17 [TUniWebSocketStack]:Terminating...
SGSB.exe: 00000BBC: 16:39:17 [TUniGUIMessageQ]:Terminated.
SGSB.exe: 00000BBC: 16:39:17 [TUniWebSocketStack]:Terminated.
SGSB.exe: 00000BBC: 16:39:17 [TUniServerModule]:Server Shutdown Completed.
SGSB.exe: 00000BBC: 16:39:17 []:<-------------------------------------------------------------->
SGSB.exe: 00000BBC: 16:39:17 [Terminated]:Exit Code: 0
SGSB.exe: 000014E8: 16:39:32 []:>--------------------------------------------------------------<
SGSB.exe: 000014E8: 16:39:32 [TUniServerModule]:Server First Init.
SGSB.exe: 000014E8: 16:39:32 [TUniServerModule]:Start Path = E:\SISTEMAS_ISRAEL\SGS - Financeiro\Win32\Debug\
SGSB.exe: 000014E8: 16:39:32 [TUniServerModule]:Debug Mode = ON
SGSB.exe: 000014E8: 16:39:32 [TUniGUISessionManager]:Cache erase job created, Folder count: [1]
SGSB.exe: 000014E8: 16:39:32 [TUniServerModule]:Starting HTTP Server on Port: 2425...
SGSB.exe: 000014E8: 16:39:32 [TUniServerModule]:HTTP Server Started on Port: 2425
SGSB.exe: 000011C4: 16:42:13 []:>--------------------------------------------------------------<
SGSB.exe: 000011C4: 16:42:13 [TUniServerModule]:Server First Init.
SGSB.exe: 000011C4: 16:42:13 [TUniServerModule]:Start Path = E:\SISTEMAS_ISRAEL\SGS - Financeiro\Win32\Debug\
SGSB.exe: 000011C4: 16:42:13 [TUniServerModule]:Debug Mode = ON
SGSB.exe: 000011C4: 16:42:13 [TUniGUISessionManager]:Cache erase job created, Folder count: [1]
SGSB.exe: 000011C4: 16:42:13 [TUniServerModule]:Starting HTTP Server on Port: 2425...
SGSB.exe: 000011C4: 16:42:13 [TUniServerModule]:HTTP Server Started on Port: 2425
SGSB.exe: 000015B0: 16:44:59 [10.0.0.158]:EUniSessionException : Invalid session or session Timeout. (Session not found: RZARAbjrlr10F91A0E3 ) : Addr: $008005A0
SGSB.exe: 00000A50: 16:49:17 []:>--------------------------------------------------------------<
SGSB.exe: 00000A50: 16:49:17 [TUniServerModule]:Server First Init.
SGSB.exe: 00000A50: 16:49:17 [TUniServerModule]:Start Path = E:\SISTEMAS_ISRAEL\SGS - Financeiro\Win32\Debug\
SGSB.exe: 00000A50: 16:49:17 [TUniGUISessionManager]:Cache erase job created, Folder count: [1]
SGSB.exe: 00000A50: 16:49:17 [TUniServerModule]:Starting HTTP Server on Port: 2425...
SGSB.exe: 00000A50: 16:49:17 [TUniServerModule]:HTTP Server Started on Port: 2425
SGSB.exe: 00000844: 17:41:51 [10.0.0.158]:EUniSessionException : Invalid session or session Timeout. (Session not found: PA8gx9qbv410F91A36A ) : Addr: $008005A0
SGSB.exe: 00000A50: 17:50:37 [TUniServerModule]:Shutting Down Server.
SGSB.exe: 00000A50: 17:50:37 [TUniServerModule]:Stopping HTTP Server.
SGSB.exe: 00000A50: 17:50:38 [TUniServerModule]:HTTP Server Stopped.
SGSB.exe: 00000A50: 17:50:38 [TUniGUISessionManager]:Terminating Session manager.
SGSB.exe: 00000A50: 17:50:38 [TUniGUISessionManager]:Stopping Cache Eraser...
SGSB.exe: 00000A50: 17:50:38 [TUniGUISessionManager]:Cache Eraser Stopped.
SGSB.exe: 00000A50: 17:50:38 [TUniGUISessionManager]:Destroying Worker Threads.
SGSB.exe: 00000A50: 17:50:38 [TUniGUISessionManager]:Session manager terminated.
SGSB.exe: 00000A50: 17:50:38 [TUniWebSocketStack]:Terminating...
SGSB.exe: 00000A50: 17:50:38 [TUniGUIMessageQ]:Terminated.
SGSB.exe: 00000A50: 17:50:38 [TUniWebSocketStack]:Terminated.
SGSB.exe: 00000A50: 17:50:38 [TUniServerModule]:Server Shutdown Completed.
SGSB.exe: 00000A50: 17:50:38 []:<-------------------------------------------------------------->
SGSB.exe: 00000A50: 17:50:38 [Terminated]:Exit Code: 0
SGSB.exe: 000014AC: 17:50:45 []:>--------------------------------------------------------------<
SGSB.exe: 000014AC: 17:50:45 [TUniServerModule]:Server First Init.
SGSB.exe: 000014AC: 17:50:45 [TUniServerModule]:Start Path = E:\SISTEMAS_ISRAEL\SGS - Financeiro\Win32\Debug\
SGSB.exe: 000014AC: 17:50:45 [TUniServerModule]:Debug Mode = ON
SGSB.exe: 000014AC: 17:50:45 [TUniGUISessionManager]:Cache erase job created, Folder count: [1]
SGSB.exe: 000014AC: 17:50:45 [TUniServerModule]:Starting HTTP Server on Port: 2425...
SGSB.exe: 000014AC: 17:50:46 [TUniServerModule]:HTTP Server Started on Port: 2425
SGSB.exe: 00001640: 17:50:46 [10.0.0.158]:EUniSessionException : Invalid session or session Timeout. (Session not found: fsG8R6ye2X10F91B1AC ) : Addr: $008005A0
SGSB.exe: 00000078: 17:53:15 []:>--------------------------------------------------------------<
SGSB.exe: 00000078: 17:53:15 [TUniServerModule]:Server First Init.
SGSB.exe: 00000078: 17:53:15 [TUniServerModule]:Start Path = E:\SISTEMAS_ISRAEL\SGS - Financeiro\Win32\Debug\
SGSB.exe: 00000078: 17:53:15 [TUniGUISessionManager]:Cache erase job created, Folder count: [1]
SGSB.exe: 00000078: 17:53:15 [TUniServerModule]:Starting HTTP Server on Port: 2425...
SGSB.exe: 00000078: 17:53:15 [TUniServerModule]:HTTP Server Started on Port: 2425
SGSB.exe: 00000078: 17:58:17 [TUniServerModule]:Shutting Down Server.
SGSB.exe: 00000078: 17:58:17 [TUniServerModule]:Stopping HTTP Server.
SGSB.exe: 00000078: 17:58:18 [TUniServerModule]:HTTP Server Stopped.
SGSB.exe: 00000078: 17:58:18 [TUniGUISessionManager]:Terminating Session manager.
SGSB.exe: 00000078: 17:58:18 [TUniGUISessionManager]:Stopping Cache Eraser...
SGSB.exe: 00000078: 17:58:18 [TUniGUISessionManager]:Cache Eraser Stopped.
SGSB.exe: 00000078: 17:58:18 [TUniGUISessionManager]:Destroying Worker Threads.
SGSB.exe: 00000078: 17:58:18 [TUniGUISessionManager]:Session manager terminated.
SGSB.exe: 00000078: 17:58:18 [TUniWebSocketStack]:Terminating...
SGSB.exe: 00000078: 17:58:18 [TUniGUIMessageQ]:Terminated.
SGSB.exe: 00000078: 17:58:18 [TUniWebSocketStack]:Terminated.
SGSB.exe: 00000078: 17:58:18 [TUniServerModule]:Server Shutdown Completed.
SGSB.exe: 00000078: 17:58:18 []:<-------------------------------------------------------------->
SGSB.exe: 00000078: 17:58:18 [Terminated]:Exit Code: 0
SGSB.exe: 000016DC: 17:58:25 []:>--------------------------------------------------------------<
SGSB.exe: 000016DC: 17:58:25 [TUniServerModule]:Server First Init.
SGSB.exe: 000016DC: 17:58:25 [TUniServerModule]:Start Path = E:\SISTEMAS_ISRAEL\SGS - Financeiro\Win32\Debug\
SGSB.exe: 000016DC: 17:58:25 [TUniGUISessionManager]:Cache erase job created, Folder count: [1]
SGSB.exe: 000016DC: 17:58:25 [TUniServerModule]:Starting HTTP Server on Port: 2425...
SGSB.exe: 000016DC: 17:58:25 [TUniServerModule]:HTTP Server Started on Port: 2425
SGSB.exe: 0000083C: 17:58:33 [10.0.0.158]:EOCINativeException : [FireDAC][Phys][Ora] ORA-00933: SQL command not properly ended : Addr: $00809656
SGSB.exe: 00001780: 18:00:33 [10.0.0.158]:EUniSessionException : Invalid session or session Timeout. (Session not found: zTLrY8Rq8610F91A23F ) : Addr: $008005A0
SGSB.exe: 000016DC: 18:00:42 [TUniServerModule]:Shutting Down Server.
SGSB.exe: 000016DC: 18:00:42 [TUniServerModule]:Stopping HTTP Server.
SGSB.exe: 000016DC: 18:00:43 [TUniServerModule]:HTTP Server Stopped.
SGSB.exe: 000016DC: 18:00:44 [TUniGUISessionManager]:Terminating Session manager.
SGSB.exe: 000016DC: 18:00:44 [TUniGUISessionManager]:Stopping Cache Eraser...
SGSB.exe: 000016DC: 18:00:44 [TUniGUISessionManager]:Cache Eraser Stopped.
SGSB.exe: 000016DC: 18:00:44 [TUniGUISessionManager]:Destroying Worker Threads.
SGSB.exe: 000016DC: 18:00:44 [TUniGUISessionManager]:Session manager terminated.
SGSB.exe: 000016DC: 18:00:44 [TUniWebSocketStack]:Terminating...
SGSB.exe: 000016DC: 18:00:44 [TUniGUIMessageQ]:Terminated.
SGSB.exe: 000016DC: 18:00:44 [TUniWebSocketStack]:Terminated.
SGSB.exe: 000016DC: 18:00:44 [TUniServerModule]:Server Shutdown Completed.
SGSB.exe: 000016DC: 18:00:44 []:<-------------------------------------------------------------->
SGSB.exe: 000016DC: 18:00:44 [Terminated]:Exit Code: 0
SGSB.exe: 00000C78: 18:00:48 []:>--------------------------------------------------------------<
SGSB.exe: 00000C78: 18:00:48 [TUniServerModule]:Server First Init.
SGSB.exe: 00000C78: 18:00:48 [TUniServerModule]:Start Path = E:\SISTEMAS_ISRAEL\SGS - Financeiro\Win32\Debug\
SGSB.exe: 00000C78: 18:00:48 [TUniGUISessionManager]:Cache erase job created, Folder count: [2]
SGSB.exe: 00000C78: 18:00:48 [TUniServerModule]:Starting HTTP Server on Port: 2425...
SGSB.exe: 00000C78: 18:00:48 [TUniServerModule]:HTTP Server Started on Port: 2425
SGSB.exe: 00000C78: 18:02:15 [TUniServerModule]:Shutting Down Server.
SGSB.exe: 00000C78: 18:02:15 [TUniServerModule]:Stopping HTTP Server.
SGSB.exe: 00000C78: 18:02:16 [TUniServerModule]:HTTP Server Stopped.
SGSB.exe: 00000C78: 18:02:16 [TUniGUISessionManager]:Terminating Session manager.
SGSB.exe: 00000C78: 18:02:16 [TUniGUISessionManager]:Stopping Cache Eraser...
SGSB.exe: 00000C78: 18:02:16 [TUniGUISessionManager]:Cache Eraser Stopped.
SGSB.exe: 00000C78: 18:02:16 [TUniGUISessionManager]:Destroying Worker Threads.
SGSB.exe: 00000C78: 18:02:16 [TUniGUISessionManager]:Session manager terminated.
SGSB.exe: 00000C78: 18:02:16 [TUniWebSocketStack]:Terminating...
SGSB.exe: 00000C78: 18:02:16 [TUniGUIMessageQ]:Terminated.
SGSB.exe: 00000C78: 18:02:16 [TUniWebSocketStack]:Terminated.
SGSB.exe: 00000C78: 18:02:16 [TUniServerModule]:Server Shutdown Completed.
SGSB.exe: 00000C78: 18:02:16 []:<-------------------------------------------------------------->
SGSB.exe: 00000C78: 18:02:16 [Terminated]:Exit Code: 0
SGSB.exe: 00001088: 18:02:22 []:>--------------------------------------------------------------<
SGSB.exe: 00001088: 18:02:22 [TUniServerModule]:Server First Init.
SGSB.exe: 00001088: 18:02:22 [TUniServerModule]:Start Path = E:\SISTEMAS_ISRAEL\SGS - Financeiro\Win32\Debug\
SGSB.exe: 00001088: 18:02:22 [TUniGUISessionManager]:Cache erase job created, Folder count: [1]
SGSB.exe: 00001088: 18:02:22 [TUniServerModule]:Starting HTTP Server on Port: 2425...
SGSB.exe: 00001088: 18:02:22 [TUniServerModule]:HTTP Server Started on Port: 2425
SGSB.exe: 00001088: 18:05:20 [TUniServerModule]:Shutting Down Server.
SGSB.exe: 00001088: 18:05:20 [TUniServerModule]:Stopping HTTP Server.
SGSB.exe: 00001088: 18:05:21 [TUniServerModule]:HTTP Server Stopped.
SGSB.exe: 00001088: 18:05:21 [TUniGUISessionManager]:Terminating Session manager.
SGSB.exe: 00001088: 18:05:21 [TUniGUISessionManager]:Stopping Cache Eraser...
SGSB.exe: 00001088: 18:05:21 [TUniGUISessionManager]:Cache Eraser Stopped.
SGSB.exe: 00001088: 18:05:21 [TUniGUISessionManager]:Destroying Worker Threads.
SGSB.exe: 00001088: 18:05:21 [TUniGUISessionManager]:Session manager terminated.
SGSB.exe: 00001088: 18:05:21 [TUniWebSocketStack]:Terminating...
SGSB.exe: 00001088: 18:05:21 [TUniGUIMessageQ]:Terminated.
SGSB.exe: 00001088: 18:05:21 [TUniWebSocketStack]:Terminated.
SGSB.exe: 00001088: 18:05:21 [TUniServerModule]:Server Shutdown Completed.
SGSB.exe: 00001088: 18:05:21 []:<-------------------------------------------------------------->
SGSB.exe: 00001088: 18:05:21 [Terminated]:Exit Code: 0
SGSB.exe: 00001180: 18:05:27 []:>--------------------------------------------------------------<
SGSB.exe: 00001180: 18:05:27 [TUniServerModule]:Server First Init.
SGSB.exe: 00001180: 18:05:27 [TUniServerModule]:Start Path = E:\SISTEMAS_ISRAEL\SGS - Financeiro\Win32\Debug\
SGSB.exe: 00001180: 18:05:27 [TUniGUISessionManager]:Cache erase job created, Folder count: [1]
SGSB.exe: 00001180: 18:05:27 [TUniServerModule]:Starting HTTP Server on Port: 2425...
SGSB.exe: 00001180: 18:05:27 [TUniServerModule]:HTTP Server Started on Port: 2425
SGSB.exe: 000003A8: 18:05:27 [10.0.0.158]:EUniSessionException : Invalid session or session Timeout. (Session not found: GW1lk33gaT10F91B73D ) : Addr: $008005A0
SGSB.exe: 00001348: 18:08:30 [10.0.0.158]:EUniSessionException : Invalid session or session Timeout. (Session not found: MF7GZG4sti10F91B62A ) : Addr: $008005A0
SGSB.exe: 000003A8: 18:08:30 [10.0.0.158]:EUniSessionException : Invalid session or session Timeout. (Session not found: V6pmDT2eEx10F918D7E ) : Addr: $008005A0
