SGSB.exe: 00001484: 09:34:40 [TUniServerModule]:Shutting Down Server.
SGSB.exe: 00001484: 09:34:40 [TUniServerModule]:Stopping HTTP Server.
SGSB.exe: 00001484: 09:34:41 [TUniServerModule]:HTTP Server Stopped.
SGSB.exe: 00001484: 09:34:41 [TUniGUISessionManager]:Terminating Session manager.
SGSB.exe: 00001484: 09:34:41 [TUniGUISessionManager]:Stopping Cache Eraser...
SGSB.exe: 00001484: 09:34:41 [TUniGUISessionManager]:Cache Eraser Stopped.
SGSB.exe: 00001484: 09:34:41 [TUniGUISessionManager]:Destroying Worker Threads.
SGSB.exe: 00001484: 09:34:41 [TUniGUISessionManager]:Session manager terminated.
SGSB.exe: 00001484: 09:34:41 [TUniWebSocketStack]:Terminating...
SGSB.exe: 00001484: 09:34:41 [TUniGUIMessageQ]:Terminated.
SGSB.exe: 00001484: 09:34:41 [TUniWebSocketStack]:Terminated.
SGSB.exe: 00001484: 09:34:41 [TUniServerModule]:Server Shutdown Completed.
SGSB.exe: 00001484: 09:34:41 []:<-------------------------------------------------------------->
SGSB.exe: 00001484: 09:34:41 [Terminated]:Exit Code: 0
SGSB.exe: 00000E48: 17:12:21 []:>--------------------------------------------------------------<
SGSB.exe: 00000E48: 17:12:21 [TUniServerModule]:Server First Init.
SGSB.exe: 00000E48: 17:12:21 [TUniServerModule]:Start Path = E:\SISTEMAS_ISRAEL\SGS - Financeiro\Win32\Debug\
SGSB.exe: 00000E48: 17:12:21 [TUniServerModule]:Debug Mode = ON
SGSB.exe: 00000E48: 17:12:22 [TUniServerModule]:Starting HTTP Server on Port: 2425...
SGSB.exe: 00000E48: 17:12:22 [TUniServerModule]:HTTP Server Started on Port: 2425
SGSB.exe: 000015B0: 17:19:53 []:>--------------------------------------------------------------<
SGSB.exe: 000015B0: 17:19:53 [TUniServerModule]:Server First Init.
SGSB.exe: 000015B0: 17:19:53 [TUniServerModule]:Start Path = E:\SISTEMAS_ISRAEL\SGS - Financeiro\Win32\Debug\
SGSB.exe: 000015B0: 17:19:53 [TUniServerModule]:Debug Mode = ON
SGSB.exe: 000015B0: 17:19:53 [TUniGUISessionManager]:Cache erase job created, Folder count: [1]
SGSB.exe: 000015B0: 17:19:53 [TUniServerModule]:Starting HTTP Server on Port: 2425...
SGSB.exe: 000015B0: 17:19:53 [TUniServerModule]:HTTP Server Started on Port: 2425
SGSB.exe: 000015B0: 17:20:48 [TUniServerModule]:Shutting Down Server.
SGSB.exe: 000015B0: 17:20:48 [TUniServerModule]:Stopping HTTP Server.
SGSB.exe: 000015B0: 17:20:49 [TUniServerModule]:HTTP Server Stopped.
SGSB.exe: 000015B0: 17:20:49 [TUniGUISessionManager]:Terminating Session manager.
SGSB.exe: 000015B0: 17:20:49 [TUniGUISessionManager]:Stopping Cache Eraser...
SGSB.exe: 000015B0: 17:20:49 [TUniGUISessionManager]:Cache Eraser Stopped.
SGSB.exe: 000015B0: 17:20:49 [TUniGUISessionManager]:Destroying Worker Threads.
SGSB.exe: 000015B0: 17:20:49 [TUniGUISessionManager]:Session manager terminated.
SGSB.exe: 000015B0: 17:20:49 [TUniWebSocketStack]:Terminating...
SGSB.exe: 000015B0: 17:20:49 [TUniGUIMessageQ]:Terminated.
SGSB.exe: 000015B0: 17:20:49 [TUniWebSocketStack]:Terminated.
SGSB.exe: 000015B0: 17:20:49 [TUniServerModule]:Server Shutdown Completed.
SGSB.exe: 000015B0: 17:20:49 []:<-------------------------------------------------------------->
SGSB.exe: 000015B0: 17:20:49 [Terminated]:Exit Code: 0
SGSB.exe: 0000148C: 17:21:00 []:>--------------------------------------------------------------<
SGSB.exe: 0000148C: 17:21:00 [TUniServerModule]:Server First Init.
SGSB.exe: 0000148C: 17:21:00 [TUniServerModule]:Start Path = E:\SISTEMAS_ISRAEL\SGS - Financeiro\Win32\Debug\
SGSB.exe: 0000148C: 17:21:00 [TUniServerModule]:Debug Mode = ON
SGSB.exe: 0000148C: 17:21:00 [TUniGUISessionManager]:Cache erase job created, Folder count: [1]
SGSB.exe: 0000148C: 17:21:00 [TUniServerModule]:Starting HTTP Server on Port: 2425...
SGSB.exe: 0000148C: 17:21:00 [TUniServerModule]:HTTP Server Started on Port: 2425
SGSB.exe: 00000F94: 17:29:00 []:>--------------------------------------------------------------<
SGSB.exe: 00000F94: 17:29:00 [TUniServerModule]:Server First Init.
SGSB.exe: 00000F94: 17:29:00 [TUniServerModule]:Start Path = E:\SISTEMAS_ISRAEL\SGS - Financeiro\Win32\Debug\
SGSB.exe: 00000F94: 17:29:00 [TUniServerModule]:Debug Mode = ON
SGSB.exe: 00000F94: 17:29:00 [TUniGUISessionManager]:Cache erase job created, Folder count: [1]
SGSB.exe: 00000F94: 17:29:00 [TUniServerModule]:Starting HTTP Server on Port: 2425...
SGSB.exe: 00000F94: 17:29:00 [TUniServerModule]:HTTP Server Started on Port: 2425
SGSB.exe: 00000970: 17:29:07 [10.0.0.158]:EOCINativeException : [FireDAC][Phys][Ora] ORA-00904: "SALDONUM": invalid identifier : Addr: $00809656
SGSB.exe: 00000BDC: 17:30:06 [10.0.0.158]:EOCINativeException : [FireDAC][Phys][Ora] ORA-00904: "SALDONUM": invalid identifier : Addr: $00809656
SGSB.exe: 00000DA0: 17:31:38 []:>--------------------------------------------------------------<
SGSB.exe: 00000DA0: 17:31:38 [TUniServerModule]:Server First Init.
SGSB.exe: 00000DA0: 17:31:38 [TUniServerModule]:Start Path = E:\SISTEMAS_ISRAEL\SGS - Financeiro\Win32\Debug\
SGSB.exe: 00000DA0: 17:31:38 [TUniGUISessionManager]:Cache erase job created, Folder count: [1]
SGSB.exe: 00000DA0: 17:31:38 [TUniServerModule]:Starting HTTP Server on Port: 2425...
SGSB.exe: 00000DA0: 17:31:38 [TUniServerModule]:HTTP Server Started on Port: 2425
SGSB.exe: 000009B0: 17:31:46 [10.0.0.158]:EOCINativeException : [FireDAC][Phys][Ora] ORA-00904: "SALDONUM": invalid identifier : Addr: $00809656
SGSB.exe: 000009B0: 17:31:50 [10.0.0.158]:EOCINativeException : [FireDAC][Phys][Ora] ORA-00904: "SALDONUM": invalid identifier : Addr: $00809656
SGSB.exe: 00000DA0: 17:31:55 [TUniServerModule]:Shutting Down Server.
SGSB.exe: 00000DA0: 17:31:55 [TUniServerModule]:Stopping HTTP Server.
SGSB.exe: 00000DA0: 17:31:56 [TUniServerModule]:HTTP Server Stopped.
SGSB.exe: 00000DA0: 17:31:56 [TUniGUISessionManager]:Terminating Session manager.
SGSB.exe: 00000DA0: 17:31:56 [TUniGUISessionManager]:Stopping Cache Eraser...
SGSB.exe: 00000DA0: 17:31:56 [TUniGUISessionManager]:Cache Eraser Stopped.
SGSB.exe: 00000DA0: 17:31:56 [TUniGUISessionManager]:Destroying Worker Threads.
SGSB.exe: 00000DA0: 17:31:56 [TUniGUISessionManager]:Session manager terminated.
SGSB.exe: 00000DA0: 17:31:56 [TUniWebSocketStack]:Terminating...
SGSB.exe: 00000DA0: 17:31:56 [TUniGUIMessageQ]:Terminated.
SGSB.exe: 00000DA0: 17:31:56 [TUniWebSocketStack]:Terminated.
SGSB.exe: 00000DA0: 17:31:56 [TUniServerModule]:Server Shutdown Completed.
SGSB.exe: 00000DA0: 17:31:56 []:<-------------------------------------------------------------->
SGSB.exe: 00000DA0: 17:31:56 [Terminated]:Exit Code: 0
SGSB.exe: 0000078C: 17:32:05 []:>--------------------------------------------------------------<
SGSB.exe: 0000078C: 17:32:05 [TUniServerModule]:Server First Init.
SGSB.exe: 0000078C: 17:32:05 [TUniServerModule]:Start Path = E:\SISTEMAS_ISRAEL\SGS - Financeiro\Win32\Debug\
SGSB.exe: 0000078C: 17:32:05 [TUniServerModule]:Debug Mode = ON
SGSB.exe: 0000078C: 17:32:05 [TUniGUISessionManager]:Cache erase job created, Folder count: [1]
SGSB.exe: 0000078C: 17:32:05 [TUniServerModule]:Starting HTTP Server on Port: 2425...
SGSB.exe: 0000078C: 17:32:05 [TUniServerModule]:HTTP Server Started on Port: 2425
SGSB.exe: 00000CA4: 17:32:22 [10.0.0.158]:EOCINativeException : [FireDAC][Phys][Ora] ORA-00904: "SALDONUM": invalid identifier : Addr: $00809656
SGSB.exe: 000016A4: 17:33:17 []:>--------------------------------------------------------------<
SGSB.exe: 000016A4: 17:33:17 [TUniServerModule]:Server First Init.
SGSB.exe: 000016A4: 17:33:17 [TUniServerModule]:Start Path = E:\SISTEMAS_ISRAEL\SGS - Financeiro\Win32\Debug\
SGSB.exe: 000016A4: 17:33:17 [TUniServerModule]:Debug Mode = ON
SGSB.exe: 000016A4: 17:33:17 [TUniGUISessionManager]:Cache erase job created, Folder count: [1]
SGSB.exe: 000016A4: 17:33:17 [TUniServerModule]:Starting HTTP Server on Port: 2425...
SGSB.exe: 000016A4: 17:33:17 [TUniServerModule]:HTTP Server Started on Port: 2425
SGSB.exe: 00001148: 17:33:21 [10.0.0.158]:EUniSessionException : Invalid session or session Timeout. (Session not found: G5YQztxkyo10FAEACE6 ) : Addr: $008005A0
SGSB.exe: 000015E4: 17:33:35 [10.0.0.158]:EDatabaseError : FDQuery1a: Parameter 'param_saldo' not found : Addr: $0062FFBA
SGSB.exe: 00001510: 17:34:01 []:>--------------------------------------------------------------<
SGSB.exe: 00001510: 17:34:01 [TUniServerModule]:Server First Init.
SGSB.exe: 00001510: 17:34:01 [TUniServerModule]:Start Path = E:\SISTEMAS_ISRAEL\SGS - Financeiro\Win32\Debug\
SGSB.exe: 00001510: 17:34:01 [TUniServerModule]:Debug Mode = ON
SGSB.exe: 00001510: 17:34:01 [TUniGUISessionManager]:Cache erase job created, Folder count: [1]
SGSB.exe: 00001510: 17:34:02 [TUniServerModule]:Starting HTTP Server on Port: 2425...
SGSB.exe: 00001510: 17:34:02 [TUniServerModule]:HTTP Server Started on Port: 2425
SGSB.exe: 000006C4: 17:40:11 []:>--------------------------------------------------------------<
SGSB.exe: 000006C4: 17:40:11 [TUniServerModule]:Server First Init.
SGSB.exe: 000006C4: 17:40:11 [TUniServerModule]:Start Path = E:\SISTEMAS_ISRAEL\SGS - Financeiro\Win32\Debug\
SGSB.exe: 000006C4: 17:40:11 [TUniServerModule]:Debug Mode = ON
SGSB.exe: 000006C4: 17:40:11 [TUniGUISessionManager]:Cache erase job created, Folder count: [1]
SGSB.exe: 000006C4: 17:40:11 [TUniServerModule]:Starting HTTP Server on Port: 2425...
SGSB.exe: 000006C4: 17:40:12 [TUniServerModule]:HTTP Server Started on Port: 2425
SGSB.exe: 0000025C: 17:50:17 []:>--------------------------------------------------------------<
SGSB.exe: 0000025C: 17:50:17 [TUniServerModule]:Server First Init.
SGSB.exe: 0000025C: 17:50:17 [TUniServerModule]:Start Path = E:\SISTEMAS_ISRAEL\SGS - Financeiro\Win32\Debug\
SGSB.exe: 0000025C: 17:50:17 [TUniServerModule]:Debug Mode = ON
SGSB.exe: 0000025C: 17:50:17 [TUniGUISessionManager]:Cache erase job created, Folder count: [2]
SGSB.exe: 0000025C: 17:50:17 [TUniServerModule]:Starting HTTP Server on Port: 2425...
SGSB.exe: 0000025C: 17:50:17 [TUniServerModule]:HTTP Server Started on Port: 2425
SGSB.exe: 00000058: 17:56:05 []:>--------------------------------------------------------------<
SGSB.exe: 00000058: 17:56:05 [TUniServerModule]:Server First Init.
SGSB.exe: 00000058: 17:56:05 [TUniServerModule]:Start Path = E:\SISTEMAS_ISRAEL\SGS - Financeiro\Win32\Debug\
SGSB.exe: 00000058: 17:56:05 [TUniServerModule]:Debug Mode = ON
SGSB.exe: 00000058: 17:56:05 [TUniGUISessionManager]:Cache erase job created, Folder count: [1]
SGSB.exe: 00000058: 17:56:05 [TUniServerModule]:Starting HTTP Server on Port: 2425...
SGSB.exe: 00000058: 17:56:05 [TUniServerModule]:HTTP Server Started on Port: 2425
SGSB.exe: 00000A8C: 17:56:41 [10.0.0.158]:EDatabaseError : FDQuery3: Field 'SALDONUM' not found : Addr: $0062FFBA
SGSB.exe: 00000E6C: 17:57:11 [FDQuery3: Field 'SALDONUM' not found-10.0.0.158]:EDatabaseError : FDQuery3: Field 'SALDONUM' not found : Addr: $0062FFBA
SGSB.exe: 000016D8: 17:57:37 [10.0.0.158]:EDatabaseError : FDQuery3: Field 'SALDONUM' not found : Addr: $0062FFBA
SGSB.exe: 000010E4: 17:58:03 [10.0.0.158]:EDatabaseError : FDQuery3: Field 'SALDONUM' not found : Addr: $0062FFBA
SGSB.exe: 00000768: 17:58:48 []:>--------------------------------------------------------------<
SGSB.exe: 00000768: 17:58:48 [TUniServerModule]:Server First Init.
SGSB.exe: 00000768: 17:58:48 [TUniServerModule]:Start Path = E:\SISTEMAS_ISRAEL\SGS - Financeiro\Win32\Debug\
SGSB.exe: 00000768: 17:58:48 [TUniServerModule]:Debug Mode = ON
SGSB.exe: 00000768: 17:58:48 [TUniGUISessionManager]:Cache erase job created, Folder count: [1]
SGSB.exe: 00000768: 17:58:48 [TUniServerModule]:Starting HTTP Server on Port: 2425...
SGSB.exe: 00000768: 17:58:48 [TUniServerModule]:HTTP Server Started on Port: 2425
SGSB.exe: 0000179C: 17:59:22 [10.0.0.158]:EConvertError : 'R$ 474332.63' is not a valid floating point value : Addr: $0042630E
SGSB.exe: 00000620: 17:59:50 []:>--------------------------------------------------------------<
SGSB.exe: 00000620: 17:59:50 [TUniServerModule]:Server First Init.
SGSB.exe: 00000620: 17:59:50 [TUniServerModule]:Start Path = E:\SISTEMAS_ISRAEL\SGS - Financeiro\Win32\Debug\
SGSB.exe: 00000620: 17:59:50 [TUniServerModule]:Debug Mode = ON
SGSB.exe: 00000620: 17:59:50 [TUniGUISessionManager]:Cache erase job created, Folder count: [1]
SGSB.exe: 00000620: 17:59:50 [TUniServerModule]:Starting HTTP Server on Port: 2425...
SGSB.exe: 00000620: 17:59:50 [TUniServerModule]:HTTP Server Started on Port: 2425
SGSB.exe: 00000F28: 18:01:07 []:>--------------------------------------------------------------<
SGSB.exe: 00000F28: 18:01:07 [TUniServerModule]:Server First Init.
SGSB.exe: 00000F28: 18:01:07 [TUniServerModule]:Start Path = E:\SISTEMAS_ISRAEL\SGS - Financeiro\Win32\Debug\
SGSB.exe: 00000F28: 18:01:07 [TUniServerModule]:Debug Mode = ON
SGSB.exe: 00000F28: 18:01:07 [TUniGUISessionManager]:Cache erase job created, Folder count: [1]
SGSB.exe: 00000F28: 18:01:07 [TUniServerModule]:Starting HTTP Server on Port: 2425...
SGSB.exe: 00000F28: 18:01:08 [TUniServerModule]:HTTP Server Started on Port: 2425
SGSB.exe: 000014FC: 18:01:08 [10.0.0.158]:EUniSessionException : Invalid session or session Timeout. (Session not found: zHysm3OXLK10FAEB46D ) : Addr: $008005A0
SGSB.exe: 000007E0: 18:01:18 [10.0.0.158]:EDatabaseError : FDQuery3: Type mismatch for field 'SALDONUM', expecting: BCD actual: FMTBcdField : Addr: $0062FFBA
SGSB.exe: 00001228: 18:02:16 [FDQuery3: Type mismatch for field 'SALDONUM', expecting: BCD actual: FMTBcdField-10.0.0.158]:EDatabaseError : FDQuery3: Type mismatch for field 'SALDONUM', expecting: BCD actual: FMTBcdField : Addr: $0062FFBA
SGSB.exe: 00001050: 18:02:58 [10.0.0.158]:EDatabaseError : FDQuery3: Type mismatch for field 'SALDONUM', expecting: BCD actual: FMTBcdField : Addr: $0062FFBA
SGSB.exe: 0000100C: 18:05:02 []:>--------------------------------------------------------------<
SGSB.exe: 0000100C: 18:05:02 [TUniServerModule]:Server First Init.
SGSB.exe: 0000100C: 18:05:02 [TUniServerModule]:Start Path = E:\SISTEMAS_ISRAEL\SGS - Financeiro\Win32\Debug\
SGSB.exe: 0000100C: 18:05:02 [TUniServerModule]:Debug Mode = ON
SGSB.exe: 0000100C: 18:05:02 [TUniGUISessionManager]:Cache erase job created, Folder count: [1]
SGSB.exe: 0000100C: 18:05:02 [TUniServerModule]:Starting HTTP Server on Port: 2425...
SGSB.exe: 0000100C: 18:05:02 [TUniServerModule]:HTTP Server Started on Port: 2425
SGSB.exe: 00000BB4: 18:05:03 [10.0.0.158]:EUniSessionException : Invalid session or session Timeout. (Session not found: WblUZUwKBo10FAEB51F ) : Addr: $008005A0
SGSB.exe: 00001618: 18:05:12 [10.0.0.158]:EDatabaseError : FDQuery3: Type mismatch for field 'SALDONUM', expecting: BCD actual: FMTBcdField : Addr: $0062FFBA
SGSB.exe: 00000960: 18:06:33 []:>--------------------------------------------------------------<
SGSB.exe: 00000960: 18:06:33 [TUniServerModule]:Server First Init.
SGSB.exe: 00000960: 18:06:33 [TUniServerModule]:Start Path = E:\SISTEMAS_ISRAEL\SGS - Financeiro\Win32\Debug\
SGSB.exe: 00000960: 18:06:33 [TUniServerModule]:Debug Mode = ON
SGSB.exe: 00000960: 18:06:33 [TUniGUISessionManager]:Cache erase job created, Folder count: [1]
SGSB.exe: 00000960: 18:06:33 [TUniServerModule]:Starting HTTP Server on Port: 2425...
SGSB.exe: 00000960: 18:06:33 [TUniServerModule]:HTTP Server Started on Port: 2425
SGSB.exe: 000014A8: 18:11:41 []:>--------------------------------------------------------------<
SGSB.exe: 000014A8: 18:11:41 [TUniServerModule]:Server First Init.
SGSB.exe: 000014A8: 18:11:41 [TUniServerModule]:Start Path = E:\SISTEMAS_ISRAEL\SGS - Financeiro\Win32\Debug\
SGSB.exe: 000014A8: 18:11:41 [TUniServerModule]:Debug Mode = ON
SGSB.exe: 000014A8: 18:11:41 [TUniGUISessionManager]:Cache erase job created, Folder count: [2]
SGSB.exe: 000014A8: 18:11:41 [TUniServerModule]:Starting HTTP Server on Port: 2425...
SGSB.exe: 000014A8: 18:11:41 [TUniServerModule]:HTTP Server Started on Port: 2425
SGSB.exe: 0000093C: 18:11:57 [10.0.0.158]:EDatabaseError : FDQuery3d: Type mismatch for field 'SALDO', expecting: BCD actual: String : Addr: $0062FFBA
SGSB.exe: 00001610: 18:12:00 [10.0.0.158]:EDatabaseError : FDQuery3d: Type mismatch for field 'SALDO', expecting: BCD actual: String : Addr: $0062FFBA
SGSB.exe: 000016E8: 18:12:46 []:>--------------------------------------------------------------<
SGSB.exe: 000016E8: 18:12:46 [TUniServerModule]:Server First Init.
SGSB.exe: 000016E8: 18:12:46 [TUniServerModule]:Start Path = E:\SISTEMAS_ISRAEL\SGS - Financeiro\Win32\Debug\
SGSB.exe: 000016E8: 18:12:46 [TUniServerModule]:Debug Mode = ON
SGSB.exe: 000016E8: 18:12:46 [TUniGUISessionManager]:Cache erase job created, Folder count: [1]
SGSB.exe: 000016E8: 18:12:46 [TUniServerModule]:Starting HTTP Server on Port: 2425...
SGSB.exe: 000016E8: 18:12:46 [TUniServerModule]:HTTP Server Started on Port: 2425
SGSB.exe: 00000DF0: 18:25:54 []:>--------------------------------------------------------------<
SGSB.exe: 00000DF0: 18:25:54 [TUniServerModule]:Server First Init.
SGSB.exe: 00000DF0: 18:25:54 [TUniServerModule]:Start Path = E:\SISTEMAS_ISRAEL\SGS - Financeiro\Win32\Debug\
SGSB.exe: 00000DF0: 18:25:54 [TUniServerModule]:Debug Mode = ON
SGSB.exe: 00000DF0: 18:25:54 [TUniGUISessionManager]:Cache erase job created, Folder count: [1]
SGSB.exe: 00000DF0: 18:25:54 [TUniServerModule]:Starting HTTP Server on Port: 2425...
SGSB.exe: 00000DF0: 18:25:54 [TUniServerModule]:HTTP Server Started on Port: 2425
SGSB.exe: 000007E0: 18:26:49 []:>--------------------------------------------------------------<
SGSB.exe: 000007E0: 18:26:49 [TUniServerModule]:Server First Init.
SGSB.exe: 000007E0: 18:26:49 [TUniServerModule]:Start Path = E:\SISTEMAS_ISRAEL\SGS - Financeiro\Win32\Debug\
SGSB.exe: 000007E0: 18:26:49 [TUniServerModule]:Debug Mode = ON
SGSB.exe: 000007E0: 18:26:49 [TUniGUISessionManager]:Cache erase job created, Folder count: [1]
SGSB.exe: 000007E0: 18:26:49 [TUniServerModule]:Starting HTTP Server on Port: 2425...
SGSB.exe: 000007E0: 18:26:49 [TUniServerModule]:HTTP Server Started on Port: 2425
SGSB.exe: 000007A0: 18:26:58 [10.0.0.158]:EOCINativeException : [FireDAC][Phys][Ora] ORA-00933: SQL command not properly ended : Addr: $00809656
SGSB.exe: 000010A4: 18:27:48 []:>--------------------------------------------------------------<
SGSB.exe: 000010A4: 18:27:48 [TUniServerModule]:Server First Init.
SGSB.exe: 000010A4: 18:27:48 [TUniServerModule]:Start Path = E:\SISTEMAS_ISRAEL\SGS - Financeiro\Win32\Debug\
SGSB.exe: 000010A4: 18:27:48 [TUniServerModule]:Debug Mode = ON
SGSB.exe: 000010A4: 18:27:48 [TUniGUISessionManager]:Cache erase job created, Folder count: [1]
SGSB.exe: 000010A4: 18:27:49 [TUniServerModule]:Starting HTTP Server on Port: 2425...
SGSB.exe: 000010A4: 18:27:49 [TUniServerModule]:HTTP Server Started on Port: 2425
SGSB.exe: 000017AC: 18:30:22 []:>--------------------------------------------------------------<
SGSB.exe: 000017AC: 18:30:22 [TUniServerModule]:Server First Init.
SGSB.exe: 000017AC: 18:30:22 [TUniServerModule]:Start Path = E:\SISTEMAS_ISRAEL\SGS - Financeiro\Win32\Debug\
SGSB.exe: 000017AC: 18:30:22 [TUniServerModule]:Debug Mode = ON
SGSB.exe: 000017AC: 18:30:22 [TUniGUISessionManager]:Cache erase job created, Folder count: [1]
SGSB.exe: 000017AC: 18:30:22 [TUniServerModule]:Starting HTTP Server on Port: 2425...
SGSB.exe: 000017AC: 18:30:22 [TUniServerModule]:HTTP Server Started on Port: 2425
SGSB.exe: 000008FC: 18:30:23 [10.0.0.158]:EUniSessionException : Invalid session or session Timeout. (Session not found: ltTOM4SpEE10FAEBC20 ) : Addr: $008005A0
SGSB.exe: 000003F0: 18:32:34 []:>--------------------------------------------------------------<
SGSB.exe: 000003F0: 18:32:34 [TUniServerModule]:Server First Init.
SGSB.exe: 000003F0: 18:32:34 [TUniServerModule]:Start Path = E:\SISTEMAS_ISRAEL\SGS - Financeiro\Win32\Debug\
SGSB.exe: 000003F0: 18:32:34 [TUniGUISessionManager]:Cache erase job created, Folder count: [1]
SGSB.exe: 000003F0: 18:32:34 [TUniServerModule]:Starting HTTP Server on Port: 2425...
SGSB.exe: 000003F0: 18:32:34 [TUniServerModule]:HTTP Server Started on Port: 2425
SGSB.exe: 000006B4: 18:32:40 [10.0.0.158]:EFDException : [FireDAC][Phys][Ora]-335. Parameter [PARAM_DATA_LANCAMENTO] data type is unknown. Hint: specify TFDParam.DataType or assign TFDParam value before Prepare/Execute call : Addr: $00809656
SGSB.exe: 000003F0: 18:32:57 [TUniServerModule]:Shutting Down Server.
SGSB.exe: 000003F0: 18:32:57 [TUniServerModule]:Stopping HTTP Server.
SGSB.exe: 000003F0: 18:32:58 [TUniServerModule]:HTTP Server Stopped.
SGSB.exe: 000003F0: 18:32:58 [TUniGUISessionManager]:Terminating Session manager.
SGSB.exe: 000003F0: 18:32:58 [TUniGUISessionManager]:Stopping Cache Eraser...
SGSB.exe: 000003F0: 18:32:58 [TUniGUISessionManager]:Cache Eraser Stopped.
SGSB.exe: 000003F0: 18:32:59 [TUniGUISessionManager]:Destroying Worker Threads.
SGSB.exe: 000003F0: 18:32:59 [TUniGUISessionManager]:Session manager terminated.
SGSB.exe: 000003F0: 18:32:59 [TUniWebSocketStack]:Terminating...
SGSB.exe: 000003F0: 18:32:59 [TUniGUIMessageQ]:Terminated.
SGSB.exe: 000003F0: 18:32:59 [TUniWebSocketStack]:Terminated.
SGSB.exe: 000003F0: 18:32:59 [TUniServerModule]:Server Shutdown Completed.
SGSB.exe: 000003F0: 18:32:59 []:<-------------------------------------------------------------->
SGSB.exe: 000003F0: 18:32:59 [Terminated]:Exit Code: 0
SGSB.exe: 000014A4: 18:33:05 []:>--------------------------------------------------------------<
SGSB.exe: 000014A4: 18:33:05 [TUniServerModule]:Server First Init.
SGSB.exe: 000014A4: 18:33:05 [TUniServerModule]:Start Path = E:\SISTEMAS_ISRAEL\SGS - Financeiro\Win32\Debug\
SGSB.exe: 000014A4: 18:33:05 [TUniGUISessionManager]:Cache erase job created, Folder count: [1]
SGSB.exe: 000014A4: 18:33:05 [TUniServerModule]:Starting HTTP Server on Port: 2425...
SGSB.exe: 000014A4: 18:33:05 [TUniServerModule]:HTTP Server Started on Port: 2425
SGSB.exe: 000014A4: 18:34:49 [TUniServerModule]:Shutting Down Server.
SGSB.exe: 000014A4: 18:34:49 [TUniServerModule]:Stopping HTTP Server.
SGSB.exe: 000014A4: 18:34:50 [TUniServerModule]:HTTP Server Stopped.
SGSB.exe: 000014A4: 18:34:50 [TUniGUISessionManager]:Terminating Session manager.
SGSB.exe: 000014A4: 18:34:50 [TUniGUISessionManager]:Stopping Cache Eraser...
SGSB.exe: 000014A4: 18:34:50 [TUniGUISessionManager]:Cache Eraser Stopped.
SGSB.exe: 000014A4: 18:34:50 [TUniGUISessionManager]:Destroying Worker Threads.
SGSB.exe: 000014A4: 18:34:50 [TUniGUISessionManager]:Session manager terminated.
SGSB.exe: 000014A4: 18:34:50 [TUniWebSocketStack]:Terminating...
SGSB.exe: 000014A4: 18:34:50 [TUniGUIMessageQ]:Terminated.
SGSB.exe: 000014A4: 18:34:50 [TUniWebSocketStack]:Terminated.
SGSB.exe: 000014A4: 18:34:50 [TUniServerModule]:Server Shutdown Completed.
SGSB.exe: 000014A4: 18:34:50 []:<-------------------------------------------------------------->
SGSB.exe: 000014A4: 18:34:50 [Terminated]:Exit Code: 0
SGSB.exe: 000017D4: 18:34:55 []:>--------------------------------------------------------------<
SGSB.exe: 000017D4: 18:34:55 [TUniServerModule]:Server First Init.
SGSB.exe: 000017D4: 18:34:55 [TUniServerModule]:Start Path = E:\SISTEMAS_ISRAEL\SGS - Financeiro\Win32\Debug\
SGSB.exe: 000017D4: 18:34:55 [TUniGUISessionManager]:Cache erase job created, Folder count: [1]
SGSB.exe: 000017D4: 18:34:55 [TUniServerModule]:Starting HTTP Server on Port: 2425...
SGSB.exe: 000017D4: 18:34:55 [TUniServerModule]:HTTP Server Started on Port: 2425
SGSB.exe: 000017D4: 18:35:25 [TUniServerModule]:Shutting Down Server.
SGSB.exe: 000017D4: 18:35:25 [TUniServerModule]:Stopping HTTP Server.
SGSB.exe: 000017D4: 18:35:26 [TUniServerModule]:HTTP Server Stopped.
SGSB.exe: 000017D4: 18:35:26 [TUniGUISessionManager]:Terminating Session manager.
SGSB.exe: 000017D4: 18:35:26 [TUniGUISessionManager]:Stopping Cache Eraser...
SGSB.exe: 000017D4: 18:35:26 [TUniGUISessionManager]:Cache Eraser Stopped.
SGSB.exe: 000017D4: 18:35:26 [TUniGUISessionManager]:Destroying Worker Threads.
SGSB.exe: 000017D4: 18:35:26 [TUniGUISessionManager]:Session manager terminated.
SGSB.exe: 000017D4: 18:35:26 [TUniWebSocketStack]:Terminating...
SGSB.exe: 000017D4: 18:35:26 [TUniGUIMessageQ]:Terminated.
SGSB.exe: 000017D4: 18:35:26 [TUniWebSocketStack]:Terminated.
SGSB.exe: 000017D4: 18:35:26 [TUniServerModule]:Server Shutdown Completed.
SGSB.exe: 000017D4: 18:35:26 []:<-------------------------------------------------------------->
SGSB.exe: 000017D4: 18:35:26 [Terminated]:Exit Code: 0
SGSB.exe: 00000BE8: 18:35:31 []:>--------------------------------------------------------------<
SGSB.exe: 00000BE8: 18:35:31 [TUniServerModule]:Server First Init.
SGSB.exe: 00000BE8: 18:35:31 [TUniServerModule]:Start Path = E:\SISTEMAS_ISRAEL\SGS - Financeiro\Win32\Debug\
SGSB.exe: 00000BE8: 18:35:31 [TUniGUISessionManager]:Cache erase job created, Folder count: [1]
SGSB.exe: 00000BE8: 18:35:31 [TUniServerModule]:Starting HTTP Server on Port: 2425...
SGSB.exe: 00000BE8: 18:35:31 [TUniServerModule]:HTTP Server Started on Port: 2425
SGSB.exe: 00000C14: 18:35:31 [10.0.0.158]:EUniSessionException : Invalid session or session Timeout. (Session not found: aHx1yCQb7X10FAEBDF2 ) : Addr: $008005A0
SGSB.exe: 00000C14: 18:35:31 [10.0.0.158]:EUniSessionException : Invalid session or session Timeout. (Session not found: aHx1yCQb7X10FAEBDF2 ) : Addr: $008005A0
SGSB.exe: 00000BE8: 18:38:50 [TUniServerModule]:Shutting Down Server.
SGSB.exe: 00000BE8: 18:38:50 [TUniServerModule]:Stopping HTTP Server.
SGSB.exe: 00000BE8: 18:38:51 [TUniServerModule]:HTTP Server Stopped.
SGSB.exe: 00000BE8: 18:38:51 [TUniGUISessionManager]:Terminating Session manager.
SGSB.exe: 00000BE8: 18:38:51 [TUniGUISessionManager]:Stopping Cache Eraser...
SGSB.exe: 00000BE8: 18:38:51 [TUniGUISessionManager]:Cache Eraser Stopped.
SGSB.exe: 00000BE8: 18:38:51 [TUniGUISessionManager]:Destroying Worker Threads.
SGSB.exe: 00000BE8: 18:38:51 [TUniGUISessionManager]:Session manager terminated.
SGSB.exe: 00000BE8: 18:38:51 [TUniWebSocketStack]:Terminating...
SGSB.exe: 00000BE8: 18:38:51 [TUniGUIMessageQ]:Terminated.
SGSB.exe: 00000BE8: 18:38:51 [TUniWebSocketStack]:Terminated.
SGSB.exe: 00000BE8: 18:38:51 [TUniServerModule]:Server Shutdown Completed.
SGSB.exe: 00000BE8: 18:38:51 []:<-------------------------------------------------------------->
SGSB.exe: 00000BE8: 18:38:51 [Terminated]:Exit Code: 0
SGSB.exe: 00001514: 18:40:30 []:>--------------------------------------------------------------<
SGSB.exe: 00001514: 18:40:30 [TUniServerModule]:Server First Init.
SGSB.exe: 00001514: 18:40:30 [TUniServerModule]:Start Path = E:\SISTEMAS_ISRAEL\SGS - Financeiro\Win32\Debug\
SGSB.exe: 00001514: 18:40:30 [TUniGUISessionManager]:Cache erase job created, Folder count: [1]
SGSB.exe: 00001514: 18:40:30 [TUniServerModule]:Starting HTTP Server on Port: 2425...
SGSB.exe: 00001514: 18:40:30 [TUniServerModule]:HTTP Server Started on Port: 2425
SGSB.exe: 00001514: 18:41:30 [TUniServerModule]:Shutting Down Server.
SGSB.exe: 00001514: 18:41:30 [TUniServerModule]:Stopping HTTP Server.
SGSB.exe: 00001514: 18:41:31 [TUniServerModule]:HTTP Server Stopped.
SGSB.exe: 00001514: 18:41:31 [TUniGUISessionManager]:Terminating Session manager.
SGSB.exe: 00001514: 18:41:31 [TUniGUISessionManager]:Stopping Cache Eraser...
SGSB.exe: 00001514: 18:41:31 [TUniGUISessionManager]:Cache Eraser Stopped.
SGSB.exe: 00001514: 18:41:31 [TUniGUISessionManager]:Destroying Worker Threads.
SGSB.exe: 00001514: 18:41:31 [TUniGUISessionManager]:Session manager terminated.
SGSB.exe: 00001514: 18:41:31 [TUniWebSocketStack]:Terminating...
SGSB.exe: 00001514: 18:41:31 [TUniGUIMessageQ]:Terminated.
SGSB.exe: 00001514: 18:41:31 [TUniWebSocketStack]:Terminated.
SGSB.exe: 00001514: 18:41:31 [TUniServerModule]:Server Shutdown Completed.
SGSB.exe: 00001514: 18:41:31 []:<-------------------------------------------------------------->
SGSB.exe: 00001514: 18:41:31 [Terminated]:Exit Code: 0
SGSB.exe: 000003D4: 18:41:36 []:>--------------------------------------------------------------<
SGSB.exe: 000003D4: 18:41:36 [TUniServerModule]:Server First Init.
SGSB.exe: 000003D4: 18:41:36 [TUniServerModule]:Start Path = E:\SISTEMAS_ISRAEL\SGS - Financeiro\Win32\Debug\
SGSB.exe: 000003D4: 18:41:36 [TUniGUISessionManager]:Cache erase job created, Folder count: [1]
SGSB.exe: 000003D4: 18:41:36 [TUniServerModule]:Starting HTTP Server on Port: 2425...
SGSB.exe: 000003D4: 18:41:36 [TUniServerModule]:HTTP Server Started on Port: 2425
SGSB.exe: 000001D0: 18:41:36 [10.0.0.158]:EUniSessionException : Invalid session or session Timeout. (Session not found: iFKsJltrN410FAEBF98 ) : Addr: $008005A0
SGSB.exe: 000003D4: 18:42:28 [TUniServerModule]:Shutting Down Server.
SGSB.exe: 000003D4: 18:42:28 [TUniServerModule]:Stopping HTTP Server.
SGSB.exe: 000003D4: 18:42:29 [TUniServerModule]:HTTP Server Stopped.
SGSB.exe: 000003D4: 18:42:29 [TUniGUISessionManager]:Terminating Session manager.
SGSB.exe: 000003D4: 18:42:29 [TUniGUISessionManager]:Stopping Cache Eraser...
SGSB.exe: 000003D4: 18:42:29 [TUniGUISessionManager]:Cache Eraser Stopped.
SGSB.exe: 000003D4: 18:42:29 [TUniGUISessionManager]:Destroying Worker Threads.
SGSB.exe: 000003D4: 18:42:29 [TUniGUISessionManager]:Session manager terminated.
SGSB.exe: 000003D4: 18:42:29 [TUniWebSocketStack]:Terminating...
SGSB.exe: 000003D4: 18:42:29 [TUniGUIMessageQ]:Terminated.
SGSB.exe: 000003D4: 18:42:29 [TUniWebSocketStack]:Terminated.
SGSB.exe: 000003D4: 18:42:29 [TUniServerModule]:Server Shutdown Completed.
SGSB.exe: 000003D4: 18:42:29 []:<-------------------------------------------------------------->
SGSB.exe: 000003D4: 18:42:29 [Terminated]:Exit Code: 0
SGSB.exe: 0000066C: 18:42:33 []:>--------------------------------------------------------------<
SGSB.exe: 0000066C: 18:42:33 [TUniServerModule]:Server First Init.
SGSB.exe: 0000066C: 18:42:33 [TUniServerModule]:Start Path = E:\SISTEMAS_ISRAEL\SGS - Financeiro\Win32\Debug\
SGSB.exe: 0000066C: 18:42:33 [TUniGUISessionManager]:Cache erase job created, Folder count: [1]
SGSB.exe: 0000066C: 18:42:33 [TUniServerModule]:Starting HTTP Server on Port: 2425...
SGSB.exe: 0000066C: 18:42:33 [TUniServerModule]:HTTP Server Started on Port: 2425
SGSB.exe: 0000066C: 18:44:13 [TUniServerModule]:Shutting Down Server.
SGSB.exe: 0000066C: 18:44:13 [TUniServerModule]:Stopping HTTP Server.
SGSB.exe: 0000148C: 18:45:20 []:>--------------------------------------------------------------<
SGSB.exe: 0000148C: 18:45:20 [TUniServerModule]:Server First Init.
SGSB.exe: 0000148C: 18:45:20 [TUniServerModule]:Start Path = E:\SISTEMAS_ISRAEL\SGS - Financeiro\Win32\Debug\
SGSB.exe: 0000148C: 18:45:20 [TUniServerModule]:Debug Mode = ON
SGSB.exe: 0000148C: 18:45:20 [TUniGUISessionManager]:Cache erase job created, Folder count: [2]
SGSB.exe: 0000148C: 18:45:20 [TUniServerModule]:Starting HTTP Server on Port: 2425...
SGSB.exe: 0000148C: 18:45:20 [TUniServerModule]:HTTP Server Started on Port: 2425
SGSB.exe: 000013F0: 18:53:19 []:>--------------------------------------------------------------<
SGSB.exe: 000013F0: 18:53:19 [TUniServerModule]:Server First Init.
SGSB.exe: 000013F0: 18:53:19 [TUniServerModule]:Start Path = E:\SISTEMAS_ISRAEL\SGS - Financeiro\Win32\Debug\
SGSB.exe: 000013F0: 18:53:19 [TUniServerModule]:Debug Mode = ON
SGSB.exe: 000013F0: 18:53:19 [TUniGUISessionManager]:Cache erase job created, Folder count: [1]
SGSB.exe: 000013F0: 18:53:19 [TUniServerModule]:Starting HTTP Server on Port: 2425...
SGSB.exe: 000013F0: 18:53:20 [TUniServerModule]:HTTP Server Started on Port: 2425
SGSB.exe: 00000514: 18:53:52 []:>--------------------------------------------------------------<
SGSB.exe: 00000514: 18:53:52 [TUniServerModule]:Server First Init.
SGSB.exe: 00000514: 18:53:52 [TUniServerModule]:Start Path = E:\SISTEMAS_ISRAEL\SGS - Financeiro\Win32\Debug\
SGSB.exe: 00000514: 18:53:52 [TUniServerModule]:Debug Mode = ON
SGSB.exe: 00000514: 18:53:52 [TUniGUISessionManager]:Cache erase job created, Folder count: [1]
SGSB.exe: 00000514: 18:53:52 [TUniServerModule]:Starting HTTP Server on Port: 2425...
SGSB.exe: 00000514: 18:53:52 [TUniServerModule]:HTTP Server Started on Port: 2425
SGSB.exe: 000007D8: 18:55:13 []:>--------------------------------------------------------------<
SGSB.exe: 000007D8: 18:55:13 [TUniServerModule]:Server First Init.
SGSB.exe: 000007D8: 18:55:13 [TUniServerModule]:Start Path = E:\SISTEMAS_ISRAEL\SGS - Financeiro\Win32\Debug\
SGSB.exe: 000007D8: 18:55:13 [TUniServerModule]:Debug Mode = ON
SGSB.exe: 000007D8: 18:55:13 [TUniGUISessionManager]:Cache erase job created, Folder count: [1]
SGSB.exe: 000007D8: 18:55:14 [TUniServerModule]:Starting HTTP Server on Port: 2425...
SGSB.exe: 000007D8: 18:55:14 [TUniServerModule]:HTTP Server Started on Port: 2425
SGSB.exe: 00000CF4: 18:56:40 []:>--------------------------------------------------------------<
SGSB.exe: 00000CF4: 18:56:40 [TUniServerModule]:Server First Init.
SGSB.exe: 00000CF4: 18:56:40 [TUniServerModule]:Start Path = E:\SISTEMAS_ISRAEL\SGS - Financeiro\Win32\Debug\
SGSB.exe: 00000CF4: 18:56:40 [TUniServerModule]:Debug Mode = ON
SGSB.exe: 00000CF4: 18:56:40 [TUniGUISessionManager]:Cache erase job created, Folder count: [1]
SGSB.exe: 00000CF4: 18:56:40 [TUniServerModule]:Starting HTTP Server on Port: 2425...
SGSB.exe: 00000CF4: 18:56:40 [TUniServerModule]:HTTP Server Started on Port: 2425
SGSB.exe: 00001554: 18:57:20 []:>--------------------------------------------------------------<
SGSB.exe: 00001554: 18:57:20 [TUniServerModule]:Server First Init.
SGSB.exe: 00001554: 18:57:20 [TUniServerModule]:Start Path = E:\SISTEMAS_ISRAEL\SGS - Financeiro\Win32\Debug\
SGSB.exe: 00001554: 18:57:20 [TUniServerModule]:Debug Mode = ON
SGSB.exe: 00001554: 18:57:20 [TUniGUISessionManager]:Cache erase job created, Folder count: [1]
SGSB.exe: 00001554: 18:57:20 [TUniServerModule]:Starting HTTP Server on Port: 2425...
SGSB.exe: 00001554: 18:57:20 [TUniServerModule]:HTTP Server Started on Port: 2425
SGSB.exe: 0000144C: 18:57:50 []:>--------------------------------------------------------------<
SGSB.exe: 0000144C: 18:57:50 [TUniServerModule]:Server First Init.
SGSB.exe: 0000144C: 18:57:50 [TUniServerModule]:Start Path = E:\SISTEMAS_ISRAEL\SGS - Financeiro\Win32\Debug\
SGSB.exe: 0000144C: 18:57:50 [TUniServerModule]:Debug Mode = ON
SGSB.exe: 0000144C: 18:57:50 [TUniGUISessionManager]:Cache erase job created, Folder count: [1]
SGSB.exe: 0000144C: 18:57:50 [TUniServerModule]:Starting HTTP Server on Port: 2425...
SGSB.exe: 0000144C: 18:57:50 [TUniServerModule]:HTTP Server Started on Port: 2425
SGSB.exe: 000010C0: 18:59:42 []:>--------------------------------------------------------------<
SGSB.exe: 000010C0: 18:59:42 [TUniServerModule]:Server First Init.
SGSB.exe: 000010C0: 18:59:42 [TUniServerModule]:Start Path = E:\SISTEMAS_ISRAEL\SGS - Financeiro\Win32\Debug\
SGSB.exe: 000010C0: 18:59:42 [TUniServerModule]:Debug Mode = ON
SGSB.exe: 000010C0: 18:59:42 [TUniGUISessionManager]:Cache erase job created, Folder count: [1]
SGSB.exe: 000010C0: 18:59:42 [TUniServerModule]:Starting HTTP Server on Port: 2425...
SGSB.exe: 000010C0: 18:59:42 [TUniServerModule]:HTTP Server Started on Port: 2425
